SF:lib\core\utils\qr_data_parser.dart
DA:7,1
DA:9,1
DA:10,1
DA:11,1
DA:12,1
DA:20,1
DA:21,1
DA:23,2
DA:27,1
DA:28,1
DA:29,1
DA:30,1
DA:31,1
DA:32,1
DA:33,1
DA:34,1
DA:35,1
DA:36,1
DA:40,1
DA:41,1
DA:42,1
DA:44,1
DA:45,2
DA:47,1
DA:53,1
DA:65,2
DA:74,1
DA:80,1
DA:81,1
DA:84,1
DA:85,1
DA:87,1
DA:88,2
DA:93,1
LF:34
LH:34
end_of_record
SF:lib\features\pedigree\domain\entities\dog.dart
DA:27,1
DA:49,3
DA:51,1
DA:75,1
DA:76,1
DA:77,1
DA:78,1
DA:79,1
DA:80,1
DA:81,1
DA:82,1
DA:83,1
DA:84,1
DA:85,1
DA:86,1
DA:87,1
DA:88,1
DA:89,1
DA:90,1
DA:91,1
DA:92,1
DA:93,1
DA:94,1
LF:23
LH:23
end_of_record
SF:lib\features\pedigree\presentation\screens\qr_scanner_screen.dart
DA:11,1
DA:13,1
DA:14,1
DA:22,1
DA:24,1
DA:26,2
DA:31,0
DA:35,1
DA:37,2
DA:38,1
DA:41,0
DA:42,0
DA:44,0
DA:45,0
DA:46,0
DA:52,0
DA:53,0
DA:55,0
DA:56,0
DA:58,0
DA:59,0
DA:60,0
DA:61,0
DA:63,0
DA:67,0
DA:69,0
DA:70,0
DA:72,0
DA:73,0
DA:74,0
DA:75,0
DA:79,0
DA:81,0
DA:85,0
DA:87,0
DA:89,0
DA:90,0
DA:94,0
DA:95,0
DA:96,0
DA:97,0
DA:98,0
DA:99,0
DA:100,0
DA:101,0
DA:102,0
DA:103,0
DA:106,0
DA:108,0
DA:112,0
DA:113,0
DA:115,0
DA:116,0
DA:117,0
DA:119,0
DA:120,0
DA:123,0
DA:124,0
DA:126,0
DA:129,0
DA:130,0
DA:131,0
DA:132,0
DA:133,0
DA:134,0
DA:135,0
DA:136,0
DA:137,0
DA:138,0
DA:142,0
DA:143,0
DA:144,0
DA:145,0
DA:146,0
DA:150,0
DA:151,0
DA:152,0
DA:153,0
DA:155,0
DA:166,0
DA:167,0
DA:169,0
DA:171,0
DA:172,0
DA:174,0
DA:175,0
DA:176,0
DA:178,0
DA:182,0
DA:183,0
DA:193,0
DA:196,0
DA:197,0
DA:200,0
DA:202,0
DA:203,0
DA:204,0
DA:205,0
DA:207,0
DA:208,0
DA:210,0
DA:213,0
DA:214,0
DA:216,0
DA:217,0
DA:218,0
DA:219,0
DA:223,0
DA:226,0
DA:227,0
DA:228,0
DA:229,0
DA:233,0
DA:238,0
DA:239,0
DA:240,0
DA:241,0
DA:242,0
DA:246,0
DA:250,0
DA:251,0
DA:252,0
DA:253,0
DA:254,0
DA:259,1
DA:261,1
DA:262,0
DA:263,0
DA:274,1
DA:275,1
DA:279,1
DA:280,1
DA:282,0
DA:286,1
DA:287,1
DA:288,1
DA:289,1
DA:290,1
DA:292,1
DA:298,1
DA:299,1
DA:300,1
DA:303,1
DA:304,1
DA:308,1
DA:310,1
DA:311,1
DA:312,1
DA:315,1
DA:326,1
DA:329,1
DA:340,1
DA:343,1
DA:354,1
DA:357,1
LF:155
LH:37
end_of_record
SF:lib\core\database\app_database.g.dart
DA:11,0
DA:143,0
DA:144,0
DA:145,0
DA:146,0
DA:147,0
DA:148,0
DA:149,0
DA:150,0
DA:151,0
DA:152,0
DA:153,0
DA:154,0
DA:155,0
DA:156,0
DA:158,0
DA:159,0
DA:160,0
DA:163,0
DA:168,0
DA:169,0
DA:170,0
DA:171,0
DA:173,0
DA:174,0
DA:176,0
DA:179,0
DA:181,0
DA:182,0
DA:184,0
DA:185,0
DA:190,0
DA:191,0
DA:193,0
DA:194,0
DA:199,0
DA:200,0
DA:202,0
DA:205,0
DA:206,0
DA:208,0
DA:211,0
DA:212,0
DA:214,0
DA:217,0
DA:218,0
DA:220,0
DA:221,0
DA:226,0
DA:227,0
DA:229,0
DA:230,0
DA:235,0
DA:236,0
DA:238,0
DA:239,0
DA:244,0
DA:245,0
DA:247,0
DA:248,0
DA:253,0
DA:254,0
DA:256,0
DA:257,0
DA:265,0
DA:266,0
DA:267,0
DA:269,0
DA:270,0
DA:271,0
DA:273,0
DA:275,0
DA:277,0
DA:279,0
DA:281,0
DA:283,0
DA:285,0
DA:287,0
DA:289,0
DA:291,0
DA:293,0
DA:295,0
DA:297,0
DA:299,0
DA:301,0
DA:303,0
DA:305,0
DA:307,0
DA:309,0
DA:311,0
DA:313,0
DA:315,0
DA:317,0
DA:322,0
DA:324,0
DA:342,0
DA:356,0
DA:358,0
DA:359,0
DA:360,0
DA:361,0
DA:362,0
DA:364,0
DA:365,0
DA:367,0
DA:368,0
DA:370,0
DA:371,0
DA:373,0
DA:374,0
DA:376,0
DA:377,0
DA:379,0
DA:380,0
DA:382,0
DA:383,0
DA:385,0
DA:386,0
DA:387,0
DA:390,0
DA:391,0
DA:396,0
DA:397,0
DA:398,0
DA:399,0
DA:400,0
DA:402,0
DA:403,0
DA:405,0
DA:406,0
DA:408,0
DA:409,0
DA:411,0
DA:412,0
DA:414,0
DA:415,0
DA:417,0
DA:418,0
DA:420,0
DA:421,0
DA:423,0
DA:424,0
DA:426,0
DA:427,0
DA:429,0
DA:433,0
DA:437,0
DA:438,0
DA:439,0
DA:440,0
DA:441,0
DA:442,0
DA:443,0
DA:444,0
DA:445,0
DA:446,0
DA:447,0
DA:448,0
DA:449,0
DA:450,0
DA:452,0
DA:453,0
DA:457,0
DA:459,0
DA:460,0
DA:461,0
DA:462,0
DA:463,0
DA:464,0
DA:465,0
DA:466,0
DA:467,0
DA:468,0
DA:469,0
DA:470,0
DA:471,0
DA:472,0
DA:474,0
DA:478,0
DA:491,0
DA:492,0
DA:493,0
DA:494,0
DA:495,0
DA:496,0
DA:497,0
DA:498,0
DA:499,0
DA:500,0
DA:501,0
DA:502,0
DA:503,0
DA:504,0
DA:505,0
DA:506,0
DA:507,0
DA:508,0
DA:509,0
DA:510,0
DA:511,0
DA:512,0
DA:513,0
DA:515,0
DA:516,0
DA:517,0
DA:518,0
DA:519,0
DA:520,0
DA:521,0
DA:522,0
DA:523,0
DA:524,0
DA:525,0
DA:526,0
DA:527,0
DA:528,0
DA:529,0
DA:530,0
DA:531,0
DA:532,0
DA:533,0
DA:534,0
DA:535,0
DA:536,0
DA:537,0
DA:538,0
DA:539,0
DA:540,0
DA:541,0
DA:542,0
DA:543,0
DA:544,0
DA:548,0
DA:550,0
DA:551,0
DA:552,0
DA:553,0
DA:554,0
DA:555,0
DA:556,0
DA:557,0
DA:558,0
DA:559,0
DA:560,0
DA:561,0
DA:562,0
DA:563,0
DA:564,0
DA:567,0
DA:568,0
DA:569,0
DA:570,0
DA:571,0
DA:572,0
DA:573,0
DA:574,0
DA:575,0
DA:576,0
DA:577,0
DA:578,0
DA:579,0
DA:580,0
DA:582,0
DA:585,0
DA:586,0
DA:587,0
DA:588,0
DA:589,0
DA:590,0
DA:591,0
DA:592,0
DA:593,0
DA:594,0
DA:595,0
DA:596,0
DA:597,0
DA:613,0
DA:627,0
DA:640,0
DA:641,0
DA:655,0
DA:656,0
DA:657,0
DA:658,0
DA:659,0
DA:660,0
DA:661,0
DA:662,0
DA:663,0
DA:664,0
DA:665,0
DA:667,0
DA:669,0
DA:673,0
DA:687,0
DA:688,0
DA:689,0
DA:690,0
DA:691,0
DA:692,0
DA:693,0
DA:694,0
DA:695,0
DA:696,0
DA:697,0
DA:699,0
DA:700,0
DA:704,0
DA:706,0
DA:707,0
DA:708,0
DA:710,0
DA:711,0
DA:713,0
DA:714,0
DA:716,0
DA:717,0
DA:719,0
DA:720,0
DA:722,0
DA:723,0
DA:725,0
DA:726,0
DA:728,0
DA:729,0
DA:731,0
DA:732,0
DA:734,0
DA:735,0
DA:737,0
DA:738,0
DA:739,0
DA:742,0
DA:743,0
DA:744,0
DA:750,0
DA:752,0
DA:753,0
DA:754,0
DA:755,0
DA:756,0
DA:757,0
DA:758,0
DA:759,0
DA:760,0
DA:761,0
DA:762,0
DA:763,0
DA:764,0
DA:765,0
DA:766,0
DA:774,1
DA:808,2
DA:810,1
DA:812,1
DA:997,0
DA:998,0
DA:999,0
DA:1000,0
DA:1001,0
DA:1002,0
DA:1003,0
DA:1004,0
DA:1005,0
DA:1006,0
DA:1007,0
DA:1008,0
DA:1009,0
DA:1010,0
DA:1011,0
DA:1012,0
DA:1013,0
DA:1014,0
DA:1015,0
DA:1016,0
DA:1017,0
DA:1019,1
DA:1020,2
DA:1021,1
DA:1024,0
DA:1029,0
DA:1030,0
DA:1031,0
DA:1032,0
DA:1034,0
DA:1035,0
DA:1037,0
DA:1038,0
DA:1043,0
DA:1045,0
DA:1046,0
DA:1048,0
DA:1051,0
DA:1053,0
DA:1054,0
DA:1056,0
DA:1059,0
DA:1060,0
DA:1062,0
DA:1065,0
DA:1067,0
DA:1068,0
DA:1070,0
DA:1071,0
DA:1076,0
DA:1077,0
DA:1079,0
DA:1080,0
DA:1085,0
DA:1086,0
DA:1088,0
DA:1089,0
DA:1094,0
DA:1095,0
DA:1097,0
DA:1100,0
DA:1101,0
DA:1103,0
DA:1106,0
DA:1107,0
DA:1109,0
DA:1112,0
DA:1113,0
DA:1115,0
DA:1116,0
DA:1121,0
DA:1122,0
DA:1124,0
DA:1125,0
DA:1130,0
DA:1131,0
DA:1133,0
DA:1134,0
DA:1139,0
DA:1140,0
DA:1142,0
DA:1143,0
DA:1148,0
DA:1149,0
DA:1151,0
DA:1154,0
DA:1155,0
DA:1157,0
DA:1160,0
DA:1161,0
DA:1163,0
DA:1166,0
DA:1167,0
DA:1169,0
DA:1175,0
DA:1176,0
DA:1177,0
DA:1179,0
DA:1180,0
DA:1181,0
DA:1183,0
DA:1185,0
DA:1187,0
DA:1189,0
DA:1191,0
DA:1193,0
DA:1195,0
DA:1197,0
DA:1199,0
DA:1201,0
DA:1203,0
DA:1205,0
DA:1207,0
DA:1209,0
DA:1211,0
DA:1213,0
DA:1215,0
DA:1217,0
DA:1219,0
DA:1221,0
DA:1223,0
DA:1225,0
DA:1227,0
DA:1229,0
DA:1231,0
DA:1233,0
DA:1235,0
DA:1237,0
DA:1239,0
DA:1241,0
DA:1243,0
DA:1245,0
DA:1247,0
DA:1249,0
DA:1251,0
DA:1253,0
DA:1255,0
DA:1260,0
DA:1262,0
DA:1286,0
DA:1307,0
DA:1309,0
DA:1310,0
DA:1311,0
DA:1312,0
DA:1313,0
DA:1314,0
DA:1316,0
DA:1317,0
DA:1318,0
DA:1320,0
DA:1321,0
DA:1323,0
DA:1324,0
DA:1326,0
DA:1327,0
DA:1329,0
DA:1330,0
DA:1332,0
DA:1333,0
DA:1335,0
DA:1336,0
DA:1338,0
DA:1339,0
DA:1341,0
DA:1342,0
DA:1344,0
DA:1345,0
DA:1347,0
DA:1348,0
DA:1350,0
DA:1351,0
DA:1353,0
DA:1354,0
DA:1356,0
DA:1360,0
DA:1361,0
DA:1362,0
DA:1363,0
DA:1364,0
DA:1365,0
DA:1367,0
DA:1368,0
DA:1369,0
DA:1371,0
DA:1372,0
DA:1374,0
DA:1375,0
DA:1377,0
DA:1378,0
DA:1380,0
DA:1381,0
DA:1383,0
DA:1384,0
DA:1386,0
DA:1387,0
DA:1389,0
DA:1390,0
DA:1392,0
DA:1393,0
DA:1395,0
DA:1396,0
DA:1398,0
DA:1399,0
DA:1401,0
DA:1402,0
DA:1404,0
DA:1405,0
DA:1407,0
DA:1408,0
DA:1412,0
DA:1416,0
DA:1417,0
DA:1418,0
DA:1419,0
DA:1420,0
DA:1421,0
DA:1422,0
DA:1423,0
DA:1424,0
DA:1425,0
DA:1426,0
DA:1427,0
DA:1428,0
DA:1429,0
DA:1430,0
DA:1431,0
DA:1433,0
DA:1434,0
DA:1435,0
DA:1436,0
DA:1437,0
DA:1438,0
DA:1441,0
DA:1443,0
DA:1444,0
DA:1445,0
DA:1446,0
DA:1447,0
DA:1448,0
DA:1449,0
DA:1450,0
DA:1451,0
DA:1452,0
DA:1453,0
DA:1454,0
DA:1455,0
DA:1456,0
DA:1457,0
DA:1458,0
DA:1460,0
DA:1461,0
DA:1462,0
DA:1463,0
DA:1464,0
DA:1465,0
DA:1469,0
DA:1489,0
DA:1490,0
DA:1491,0
DA:1492,0
DA:1493,0
DA:1494,0
DA:1495,0
DA:1496,0
DA:1497,0
DA:1498,0
DA:1499,0
DA:1500,0
DA:1501,0
DA:1502,0
DA:1503,0
DA:1504,0
DA:1505,0
DA:1506,0
DA:1507,0
DA:1508,0
DA:1509,0
DA:1510,0
DA:1511,0
DA:1512,0
DA:1513,0
DA:1514,0
DA:1515,0
DA:1516,0
DA:1517,0
DA:1518,0
DA:1520,0
DA:1521,0
DA:1522,0
DA:1523,0
DA:1524,0
DA:1525,0
DA:1526,0
DA:1527,0
DA:1528,0
DA:1529,0
DA:1530,0
DA:1531,0
DA:1532,0
DA:1533,0
DA:1534,0
DA:1535,0
DA:1536,0
DA:1537,0
DA:1538,0
DA:1539,0
DA:1540,0
DA:1541,0
DA:1542,0
DA:1543,0
DA:1544,0
DA:1545,0
DA:1546,0
DA:1547,0
DA:1548,0
DA:1549,0
DA:1550,0
DA:1551,0
DA:1552,0
DA:1553,0
DA:1554,0
DA:1555,0
DA:1556,0
DA:1557,0
DA:1558,0
DA:1562,0
DA:1564,0
DA:1565,0
DA:1566,0
DA:1567,0
DA:1568,0
DA:1569,0
DA:1570,0
DA:1571,0
DA:1572,0
DA:1573,0
DA:1574,0
DA:1575,0
DA:1576,0
DA:1577,0
DA:1578,0
DA:1579,0
DA:1580,0
DA:1581,0
DA:1582,0
DA:1583,0
DA:1584,0
DA:1585,0
DA:1588,0
DA:1589,0
DA:1590,0
DA:1591,0
DA:1592,0
DA:1593,0
DA:1594,0
DA:1595,0
DA:1596,0
DA:1597,0
DA:1598,0
DA:1599,0
DA:1600,0
DA:1601,0
DA:1602,0
DA:1603,0
DA:1604,0
DA:1605,0
DA:1606,0
DA:1607,0
DA:1608,0
DA:1610,0
DA:1613,0
DA:1614,0
DA:1615,0
DA:1616,0
DA:1617,0
DA:1618,0
DA:1619,0
DA:1620,0
DA:1621,0
DA:1622,0
DA:1623,0
DA:1624,0
DA:1625,0
DA:1626,0
DA:1627,0
DA:1628,0
DA:1629,0
DA:1630,0
DA:1631,0
DA:1632,0
DA:1655,1
DA:1676,0
DA:1696,0
DA:1697,0
DA:1698,0
DA:1699,0
DA:1720,0
DA:1721,0
DA:1722,0
DA:1723,0
DA:1724,0
DA:1725,0
DA:1726,0
DA:1727,0
DA:1728,0
DA:1729,0
DA:1730,0
DA:1731,0
DA:1732,0
DA:1734,0
DA:1735,0
DA:1736,0
DA:1737,0
DA:1738,0
DA:1739,0
DA:1740,0
DA:1744,0
DA:1765,0
DA:1766,0
DA:1767,0
DA:1768,0
DA:1769,0
DA:1770,0
DA:1771,0
DA:1772,0
DA:1773,0
DA:1774,0
DA:1775,0
DA:1776,0
DA:1777,0
DA:1779,0
DA:1780,0
DA:1781,0
DA:1782,0
DA:1783,0
DA:1784,0
DA:1785,0
DA:1789,0
DA:1791,0
DA:1792,0
DA:1793,0
DA:1795,0
DA:1796,0
DA:1798,0
DA:1799,0
DA:1801,0
DA:1802,0
DA:1804,0
DA:1805,0
DA:1807,0
DA:1808,0
DA:1810,0
DA:1811,0
DA:1813,0
DA:1814,0
DA:1816,0
DA:1817,0
DA:1819,0
DA:1820,0
DA:1822,0
DA:1823,0
DA:1825,0
DA:1826,0
DA:1828,0
DA:1829,0
DA:1830,0
DA:1833,0
DA:1834,0
DA:1836,0
DA:1837,0
DA:1839,0
DA:1840,0
DA:1842,0
DA:1843,0
DA:1845,0
DA:1846,0
DA:1848,0
DA:1849,0
DA:1854,0
DA:1856,0
DA:1857,0
DA:1858,0
DA:1859,0
DA:1860,0
DA:1861,0
DA:1862,0
DA:1863,0
DA:1864,0
DA:1865,0
DA:1866,0
DA:1867,0
DA:1868,0
DA:1869,0
DA:1870,0
DA:1871,0
DA:1872,0
DA:1873,0
DA:1874,0
DA:1875,0
DA:1876,0
DA:1877,0
DA:1885,0
DA:1978,0
DA:1979,0
DA:1980,0
DA:1981,0
DA:1982,0
DA:1983,0
DA:1984,0
DA:1985,0
DA:1986,0
DA:1987,0
DA:1989,0
DA:1990,0
DA:1991,0
DA:1994,0
DA:1999,0
DA:2000,0
DA:2001,0
DA:2002,0
DA:2004,0
DA:2005,0
DA:2007,0
DA:2010,0
DA:2011,0
DA:2013,0
DA:2016,0
DA:2017,0
DA:2019,0
DA:2022,0
DA:2023,0
DA:2025,0
DA:2026,0
DA:2031,0
DA:2033,0
DA:2034,0
DA:2036,0
DA:2037,0
DA:2042,0
DA:2043,0
DA:2045,0
DA:2046,0
DA:2051,0
DA:2052,0
DA:2054,0
DA:2060,0
DA:2061,0
DA:2062,0
DA:2064,0
DA:2065,0
DA:2066,0
DA:2068,0
DA:2070,0
DA:2072,0
DA:2074,0
DA:2076,0
DA:2078,0
DA:2080,0
DA:2082,0
DA:2084,0
DA:2086,0
DA:2088,0
DA:2090,0
DA:2092,0
DA:2094,0
DA:2096,0
DA:2101,0
DA:2103,0
DA:2116,0
DA:2126,0
DA:2128,0
DA:2129,0
DA:2130,0
DA:2131,0
DA:2133,0
DA:2134,0
DA:2136,0
DA:2137,0
DA:2139,0
DA:2140,0
DA:2141,0
DA:2142,0
DA:2143,0
DA:2148,0
DA:2149,0
DA:2150,0
DA:2151,0
DA:2153,0
DA:2154,0
DA:2156,0
DA:2157,0
DA:2159,0
DA:2160,0
DA:2161,0
DA:2162,0
DA:2163,0
DA:2165,0
DA:2169,0
DA:2173,0
DA:2174,0
DA:2175,0
DA:2176,0
DA:2177,0
DA:2178,0
DA:2179,0
DA:2180,0
DA:2181,0
DA:2182,0
DA:2185,0
DA:2187,0
DA:2188,0
DA:2189,0
DA:2190,0
DA:2191,0
DA:2192,0
DA:2193,0
DA:2194,0
DA:2195,0
DA:2196,0
DA:2200,0
DA:2209,0
DA:2210,0
DA:2211,0
DA:2212,0
DA:2213,0
DA:2214,0
DA:2215,0
DA:2216,0
DA:2217,0
DA:2219,0
DA:2220,0
DA:2221,0
DA:2222,0
DA:2223,0
DA:2224,0
DA:2225,0
DA:2226,0
DA:2227,0
DA:2228,0
DA:2229,0
DA:2230,0
DA:2231,0
DA:2232,0
DA:2233,0
DA:2234,0
DA:2235,0
DA:2236,0
DA:2240,0
DA:2242,0
DA:2243,0
DA:2244,0
DA:2245,0
DA:2246,0
DA:2247,0
DA:2248,0
DA:2249,0
DA:2250,0
DA:2251,0
DA:2252,0
DA:2255,0
DA:2256,0
DA:2257,0
DA:2258,0
DA:2259,0
DA:2260,0
DA:2261,0
DA:2262,0
DA:2263,0
DA:2264,0
DA:2266,0
DA:2269,0
DA:2270,0
DA:2271,0
DA:2272,0
DA:2273,0
DA:2274,0
DA:2275,0
DA:2276,0
DA:2277,0
DA:2289,1
DA:2299,0
DA:2308,0
DA:2309,0
DA:2319,0
DA:2320,0
DA:2321,0
DA:2322,0
DA:2323,0
DA:2324,0
DA:2325,0
DA:2326,0
DA:2327,0
DA:2331,0
DA:2341,0
DA:2342,0
DA:2343,0
DA:2344,0
DA:2345,0
DA:2346,0
DA:2347,0
DA:2348,0
DA:2349,0
DA:2353,0
DA:2355,0
DA:2356,0
DA:2357,0
DA:2359,0
DA:2360,0
DA:2362,0
DA:2363,0
DA:2365,0
DA:2366,0
DA:2368,0
DA:2369,0
DA:2371,0
DA:2372,0
DA:2374,0
DA:2375,0
DA:2377,0
DA:2378,0
DA:2383,0
DA:2385,0
DA:2386,0
DA:2387,0
DA:2388,0
DA:2389,0
DA:2390,0
DA:2391,0
DA:2392,0
DA:2393,0
DA:2394,0
DA:2395,0
DA:2404,0
DA:2464,0
DA:2465,0
DA:2466,0
DA:2467,0
DA:2468,0
DA:2469,0
DA:2470,0
DA:2472,0
DA:2473,0
DA:2474,0
DA:2477,0
DA:2482,0
DA:2483,0
DA:2484,0
DA:2485,0
DA:2487,0
DA:2488,0
DA:2490,0
DA:2493,0
DA:2495,0
DA:2496,0
DA:2498,0
DA:2501,0
DA:2503,0
DA:2504,0
DA:2506,0
DA:2509,0
DA:2510,0
DA:2512,0
DA:2518,0
DA:2519,0
DA:2520,0
DA:2522,0
DA:2523,0
DA:2524,0
DA:2526,0
DA:2528,0
DA:2530,0
DA:2532,0
DA:2534,0
DA:2536,0
DA:2538,0
DA:2540,0
DA:2542,0
DA:2547,0
DA:2549,0
DA:2559,0
DA:2566,0
DA:2568,0
DA:2569,0
DA:2570,0
DA:2571,0
DA:2572,0
DA:2573,0
DA:2575,0
DA:2579,0
DA:2580,0
DA:2581,0
DA:2582,0
DA:2583,0
DA:2584,0
DA:2586,0
DA:2587,0
DA:2591,0
DA:2595,0
DA:2596,0
DA:2597,0
DA:2598,0
DA:2599,0
DA:2600,0
DA:2601,0
DA:2604,0
DA:2606,0
DA:2607,0
DA:2608,0
DA:2609,0
DA:2610,0
DA:2611,0
DA:2612,0
DA:2616,0
DA:2622,0
DA:2623,0
DA:2624,0
DA:2625,0
DA:2626,0
DA:2627,0
DA:2629,0
DA:2630,0
DA:2631,0
DA:2632,0
DA:2633,0
DA:2634,0
DA:2635,0
DA:2639,0
DA:2641,0
DA:2642,0
DA:2643,0
DA:2644,0
DA:2645,0
DA:2646,0
DA:2647,0
DA:2648,0
DA:2651,0
DA:2652,0
DA:2653,0
DA:2656,0
DA:2657,0
DA:2658,0
DA:2659,0
DA:2660,0
DA:2661,0
DA:2670,0
DA:2677,0
DA:2683,0
DA:2684,0
DA:2685,0
DA:2692,0
DA:2693,0
DA:2694,0
DA:2695,0
DA:2696,0
DA:2697,0
DA:2701,0
DA:2708,0
DA:2709,0
DA:2710,0
DA:2711,0
DA:2712,0
DA:2713,0
DA:2717,0
DA:2719,0
DA:2720,0
DA:2721,0
DA:2723,0
DA:2724,0
DA:2726,0
DA:2727,0
DA:2729,0
DA:2730,0
DA:2732,0
DA:2733,0
DA:2738,0
DA:2740,0
DA:2741,0
DA:2742,0
DA:2743,0
DA:2744,0
DA:2745,0
DA:2746,0
DA:2747,0
DA:2756,0
DA:2838,0
DA:2839,0
DA:2840,0
DA:2841,0
DA:2842,0
DA:2843,0
DA:2844,0
DA:2845,0
DA:2846,0
DA:2848,0
DA:2849,0
DA:2850,0
DA:2853,0
DA:2858,0
DA:2859,0
DA:2860,0
DA:2861,0
DA:2863,0
DA:2864,0
DA:2866,0
DA:2869,0
DA:2871,0
DA:2872,0
DA:2874,0
DA:2877,0
DA:2879,0
DA:2880,0
DA:2882,0
DA:2885,0
DA:2887,0
DA:2888,0
DA:2890,0
DA:2891,0
DA:2896,0
DA:2897,0
DA:2899,0
DA:2902,0
DA:2903,0
DA:2905,0
DA:2911,0
DA:2912,0
DA:2913,0
DA:2915,0
DA:2916,0
DA:2917,0
DA:2919,0
DA:2921,0
DA:2923,0
DA:2925,0
DA:2927,0
DA:2929,0
DA:2931,0
DA:2933,0
DA:2935,0
DA:2937,0
DA:2939,0
DA:2941,0
DA:2943,0
DA:2948,0
DA:2950,0
DA:2962,0
DA:2971,0
DA:2973,0
DA:2974,0
DA:2975,0
DA:2976,0
DA:2977,0
DA:2978,0
DA:2979,0
DA:2981,0
DA:2982,0
DA:2984,0
DA:2988,0
DA:2989,0
DA:2990,0
DA:2991,0
DA:2992,0
DA:2993,0
DA:2994,0
DA:2996,0
DA:2997,0
DA:2999,0
DA:3000,0
DA:3004,0
DA:3008,0
DA:3009,0
DA:3010,0
DA:3011,0
DA:3012,0
DA:3013,0
DA:3014,0
DA:3015,0
DA:3016,0
DA:3019,0
DA:3021,0
DA:3022,0
DA:3023,0
DA:3024,0
DA:3025,0
DA:3026,0
DA:3027,0
DA:3028,0
DA:3029,0
DA:3033,0
DA:3041,0
DA:3042,0
DA:3043,0
DA:3044,0
DA:3045,0
DA:3046,0
DA:3047,0
DA:3048,0
DA:3050,0
DA:3051,0
DA:3052,0
DA:3053,0
DA:3054,0
DA:3055,0
DA:3056,0
DA:3057,0
DA:3058,0
DA:3059,0
DA:3060,0
DA:3061,0
DA:3062,0
DA:3066,0
DA:3068,0
DA:3069,0
DA:3070,0
DA:3071,0
DA:3072,0
DA:3073,0
DA:3074,0
DA:3075,0
DA:3076,0
DA:3077,0
DA:3080,0
DA:3082,0
DA:3083,0
DA:3086,0
DA:3087,0
DA:3088,0
DA:3089,0
DA:3090,0
DA:3091,0
DA:3092,0
DA:3093,0
DA:3104,0
DA:3113,0
DA:3121,0
DA:3122,0
DA:3123,0
DA:3124,0
DA:3133,0
DA:3134,0
DA:3135,0
DA:3136,0
DA:3137,0
DA:3138,0
DA:3139,0
DA:3140,0
DA:3144,0
DA:3153,0
DA:3154,0
DA:3155,0
DA:3156,0
DA:3157,0
DA:3158,0
DA:3159,0
DA:3160,0
DA:3164,0
DA:3166,0
DA:3167,0
DA:3168,0
DA:3170,0
DA:3171,0
DA:3173,0
DA:3174,0
DA:3176,0
DA:3177,0
DA:3179,0
DA:3180,0
DA:3182,0
DA:3183,0
DA:3185,0
DA:3186,0
DA:3191,0
DA:3193,0
DA:3194,0
DA:3195,0
DA:3196,0
DA:3197,0
DA:3198,0
DA:3199,0
DA:3200,0
DA:3201,0
DA:3202,0
DA:3211,0
DA:3313,0
DA:3314,0
DA:3315,0
DA:3316,0
DA:3317,0
DA:3318,0
DA:3319,0
DA:3320,0
DA:3321,0
DA:3322,0
DA:3323,0
DA:3325,0
DA:3326,0
DA:3327,0
DA:3330,0
DA:3335,0
DA:3336,0
DA:3337,0
DA:3338,0
DA:3340,0
DA:3341,0
DA:3343,0
DA:3346,0
DA:3348,0
DA:3349,0
DA:3351,0
DA:3354,0
DA:3356,0
DA:3357,0
DA:3359,0
DA:3362,0
DA:3364,0
DA:3365,0
DA:3367,0
DA:3370,0
DA:3371,0
DA:3373,0
DA:3376,0
DA:3377,0
DA:3379,0
DA:3380,0
DA:3385,0
DA:3386,0
DA:3388,0
DA:3391,0
DA:3392,0
DA:3394,0
DA:3400,0
DA:3401,0
DA:3402,0
DA:3404,0
DA:3405,0
DA:3406,0
DA:3408,0
DA:3410,0
DA:3412,0
DA:3414,0
DA:3416,0
DA:3418,0
DA:3420,0
DA:3422,0
DA:3424,0
DA:3426,0
DA:3428,0
DA:3430,0
DA:3432,0
DA:3434,0
DA:3436,0
DA:3438,0
DA:3440,0
DA:3445,0
DA:3447,0
DA:3461,0
DA:3472,0
DA:3474,0
DA:3475,0
DA:3476,0
DA:3477,0
DA:3478,0
DA:3479,0
DA:3480,0
DA:3482,0
DA:3483,0
DA:3485,0
DA:3486,0
DA:3488,0
DA:3489,0
DA:3491,0
DA:3495,0
DA:3496,0
DA:3497,0
DA:3498,0
DA:3499,0
DA:3500,0
DA:3501,0
DA:3503,0
DA:3504,0
DA:3506,0
DA:3507,0
DA:3509,0
DA:3510,0
DA:3512,0
DA:3513,0
DA:3517,0
DA:3521,0
DA:3522,0
DA:3523,0
DA:3524,0
DA:3525,0
DA:3526,0
DA:3527,0
DA:3528,0
DA:3529,0
DA:3530,0
DA:3531,0
DA:3534,0
DA:3536,0
DA:3537,0
DA:3538,0
DA:3539,0
DA:3540,0
DA:3541,0
DA:3542,0
DA:3543,0
DA:3544,0
DA:3545,0
DA:3546,0
DA:3550,0
DA:3560,0
DA:3561,0
DA:3562,0
DA:3563,0
DA:3564,0
DA:3565,0
DA:3566,0
DA:3567,0
DA:3568,0
DA:3569,0
DA:3571,0
DA:3572,0
DA:3573,0
DA:3574,0
DA:3575,0
DA:3576,0
DA:3577,0
DA:3578,0
DA:3579,0
DA:3580,0
DA:3581,0
DA:3582,0
DA:3583,0
DA:3587,0
DA:3589,0
DA:3590,0
DA:3591,0
DA:3592,0
DA:3593,0
DA:3594,0
DA:3595,0
DA:3596,0
DA:3597,0
DA:3598,0
DA:3599,0
DA:3600,0
DA:3603,0
DA:3604,0
DA:3605,0
DA:3606,0
DA:3607,0
DA:3608,0
DA:3609,0
DA:3610,0
DA:3611,0
DA:3612,0
DA:3613,0
DA:3615,0
DA:3618,0
DA:3619,0
DA:3620,0
DA:3621,0
DA:3622,0
DA:3623,0
DA:3624,0
DA:3625,0
DA:3626,0
DA:3627,0
DA:3640,0
DA:3651,0
DA:3661,0
DA:3662,0
DA:3663,0
DA:3664,0
DA:3675,0
DA:3676,0
DA:3677,0
DA:3678,0
DA:3679,0
DA:3680,0
DA:3681,0
DA:3682,0
DA:3683,0
DA:3684,0
DA:3688,0
DA:3699,0
DA:3700,0
DA:3701,0
DA:3702,0
DA:3703,0
DA:3704,0
DA:3705,0
DA:3706,0
DA:3707,0
DA:3708,0
DA:3712,0
DA:3714,0
DA:3715,0
DA:3716,0
DA:3718,0
DA:3719,0
DA:3721,0
DA:3722,0
DA:3724,0
DA:3725,0
DA:3727,0
DA:3728,0
DA:3730,0
DA:3731,0
DA:3733,0
DA:3734,0
DA:3736,0
DA:3737,0
DA:3739,0
DA:3740,0
DA:3745,0
DA:3747,0
DA:3748,0
DA:3749,0
DA:3750,0
DA:3751,0
DA:3752,0
DA:3753,0
DA:3754,0
DA:3755,0
DA:3756,0
DA:3757,0
DA:3758,0
DA:3767,0
DA:3850,0
DA:3851,0
DA:3852,0
DA:3853,0
DA:3854,0
DA:3855,0
DA:3856,0
DA:3857,0
DA:3858,0
DA:3860,0
DA:3861,0
DA:3862,0
DA:3865,0
DA:3870,0
DA:3871,0
DA:3872,0
DA:3873,0
DA:3875,0
DA:3876,0
DA:3878,0
DA:3879,0
DA:3884,0
DA:3886,0
DA:3887,0
DA:3889,0
DA:3892,0
DA:3894,0
DA:3895,0
DA:3897,0
DA:3900,0
DA:3902,0
DA:3903,0
DA:3905,0
DA:3908,0
DA:3910,0
DA:3911,0
DA:3913,0
DA:3916,0
DA:3917,0
DA:3919,0
DA:3925,0
DA:3926,0
DA:3927,0
DA:3929,0
DA:3930,0
DA:3931,0
DA:3933,0
DA:3935,0
DA:3937,0
DA:3939,0
DA:3941,0
DA:3943,0
DA:3945,0
DA:3947,0
DA:3949,0
DA:3951,0
DA:3953,0
DA:3955,0
DA:3957,0
DA:3962,0
DA:3964,0
DA:3976,0
DA:3985,0
DA:3987,0
DA:3988,0
DA:3989,0
DA:3990,0
DA:3991,0
DA:3992,0
DA:3993,0
DA:3994,0
DA:3996,0
DA:4000,0
DA:4001,0
DA:4002,0
DA:4003,0
DA:4004,0
DA:4005,0
DA:4006,0
DA:4007,0
DA:4009,0
DA:4010,0
DA:4014,0
DA:4018,0
DA:4019,0
DA:4020,0
DA:4021,0
DA:4022,0
DA:4023,0
DA:4024,0
DA:4025,0
DA:4026,0
DA:4029,0
DA:4031,0
DA:4032,0
DA:4033,0
DA:4034,0
DA:4035,0
DA:4036,0
DA:4037,0
DA:4038,0
DA:4039,0
DA:4043,0
DA:4051,0
DA:4052,0
DA:4053,0
DA:4054,0
DA:4055,0
DA:4056,0
DA:4057,0
DA:4058,0
DA:4060,0
DA:4061,0
DA:4062,0
DA:4063,0
DA:4064,0
DA:4065,0
DA:4066,0
DA:4067,0
DA:4068,0
DA:4069,0
DA:4070,0
DA:4074,0
DA:4076,0
DA:4077,0
DA:4078,0
DA:4079,0
DA:4080,0
DA:4081,0
DA:4082,0
DA:4083,0
DA:4084,0
DA:4085,0
DA:4088,0
DA:4089,0
DA:4090,0
DA:4091,0
DA:4092,0
DA:4093,0
DA:4094,0
DA:4095,0
DA:4096,0
DA:4098,0
DA:4101,0
DA:4102,0
DA:4103,0
DA:4104,0
DA:4105,0
DA:4106,0
DA:4107,0
DA:4108,0
DA:4119,0
DA:4128,0
DA:4136,0
DA:4137,0
DA:4138,0
DA:4139,0
DA:4140,0
DA:4149,0
DA:4150,0
DA:4151,0
DA:4152,0
DA:4153,0
DA:4154,0
DA:4155,0
DA:4156,0
DA:4160,0
DA:4169,0
DA:4170,0
DA:4171,0
DA:4172,0
DA:4173,0
DA:4174,0
DA:4175,0
DA:4176,0
DA:4180,0
DA:4182,0
DA:4183,0
DA:4184,0
DA:4186,0
DA:4187,0
DA:4189,0
DA:4190,0
DA:4192,0
DA:4193,0
DA:4195,0
DA:4196,0
DA:4198,0
DA:4199,0
DA:4201,0
DA:4202,0
DA:4207,0
DA:4209,0
DA:4210,0
DA:4211,0
DA:4212,0
DA:4213,0
DA:4214,0
DA:4215,0
DA:4216,0
DA:4217,0
DA:4218,0
DA:4227,1
DA:4257,2
DA:4259,1
DA:4284,0
DA:4285,0
DA:4286,1
DA:4287,2
DA:4288,1
DA:4291,0
DA:4296,0
DA:4297,0
DA:4298,0
DA:4299,0
DA:4301,0
DA:4302,0
DA:4304,0
DA:4307,0
DA:4309,0
DA:4310,0
DA:4312,0
DA:4315,0
DA:4317,0
DA:4318,0
DA:4320,0
DA:4323,0
DA:4324,0
DA:4326,0
DA:4332,0
DA:4333,0
DA:4334,0
DA:4336,0
DA:4337,0
DA:4338,0
DA:4340,0
DA:4342,0
DA:4344,0
DA:4346,0
DA:4348,0
DA:4350,0
DA:4352,0
DA:4354,0
DA:4356,0
DA:4361,0
DA:4363,0
DA:4373,0
DA:4380,0
DA:4382,0
DA:4383,0
DA:4384,0
DA:4385,0
DA:4386,0
DA:4387,0
DA:4389,0
DA:4390,0
DA:4395,0
DA:4396,0
DA:4397,0
DA:4398,0
DA:4399,0
DA:4400,0
DA:4402,0
DA:4403,0
DA:4405,0
DA:4409,0
DA:4413,0
DA:4414,0
DA:4415,0
DA:4416,0
DA:4417,0
DA:4418,0
DA:4419,0
DA:4422,0
DA:4424,0
DA:4425,0
DA:4426,0
DA:4427,0
DA:4428,0
DA:4429,0
DA:4430,0
DA:4434,0
DA:4440,0
DA:4441,0
DA:4442,0
DA:4443,0
DA:4444,0
DA:4445,0
DA:4447,0
DA:4448,0
DA:4449,0
DA:4450,0
DA:4451,0
DA:4452,0
DA:4453,0
DA:4457,0
DA:4459,0
DA:4460,0
DA:4461,0
DA:4462,0
DA:4463,0
DA:4464,0
DA:4465,0
DA:4466,0
DA:4469,0
DA:4470,0
DA:4471,0
DA:4474,0
DA:4475,0
DA:4476,0
DA:4477,0
DA:4478,0
DA:4479,0
DA:4488,0
DA:4495,0
DA:4501,0
DA:4502,0
DA:4503,0
DA:4510,0
DA:4511,0
DA:4512,0
DA:4513,0
DA:4514,0
DA:4515,0
DA:4519,0
DA:4526,0
DA:4527,0
DA:4528,0
DA:4529,0
DA:4530,0
DA:4531,0
DA:4535,0
DA:4537,0
DA:4538,0
DA:4539,0
DA:4541,0
DA:4542,0
DA:4544,0
DA:4545,0
DA:4547,0
DA:4548,0
DA:4550,0
DA:4551,0
DA:4556,0
DA:4558,0
DA:4559,0
DA:4560,0
DA:4561,0
DA:4562,0
DA:4563,0
DA:4564,0
DA:4565,0
DA:4573,1
DA:4615,2
DA:4617,1
DA:4631,0
DA:4632,0
DA:4633,1
DA:4634,2
DA:4635,1
DA:4638,0
DA:4643,0
DA:4644,0
DA:4645,0
DA:4646,0
DA:4648,0
DA:4649,0
DA:4651,0
DA:4654,0
DA:4656,0
DA:4657,0
DA:4659,0
DA:4662,0
DA:4664,0
DA:4665,0
DA:4667,0
DA:4670,0
DA:4672,0
DA:4673,0
DA:4675,0
DA:4681,0
DA:4682,0
DA:4683,0
DA:4685,0
DA:4686,0
DA:4687,0
DA:4689,0
DA:4691,0
DA:4693,0
DA:4695,0
DA:4697,0
DA:4699,0
DA:4701,0
DA:4703,0
DA:4705,0
DA:4710,0
DA:4712,0
DA:4722,0
DA:4729,0
DA:4731,0
DA:4732,0
DA:4733,0
DA:4734,0
DA:4735,0
DA:4736,0
DA:4737,0
DA:4742,0
DA:4743,0
DA:4744,0
DA:4745,0
DA:4746,0
DA:4747,0
DA:4748,0
DA:4750,0
DA:4754,0
DA:4758,0
DA:4759,0
DA:4760,0
DA:4761,0
DA:4762,0
DA:4763,0
DA:4764,0
DA:4767,0
DA:4769,0
DA:4770,0
DA:4771,0
DA:4772,0
DA:4773,0
DA:4774,0
DA:4775,0
DA:4779,0
DA:4785,0
DA:4786,0
DA:4787,0
DA:4788,0
DA:4789,0
DA:4790,0
DA:4792,0
DA:4793,0
DA:4794,0
DA:4795,0
DA:4796,0
DA:4797,0
DA:4798,0
DA:4799,0
DA:4800,0
DA:4804,0
DA:4806,0
DA:4807,0
DA:4808,0
DA:4809,0
DA:4810,0
DA:4811,0
DA:4812,0
DA:4813,0
DA:4816,0
DA:4817,0
DA:4818,0
DA:4821,0
DA:4822,0
DA:4823,0
DA:4824,0
DA:4825,0
DA:4826,0
DA:4835,0
DA:4842,0
DA:4848,0
DA:4849,0
DA:4850,0
DA:4851,0
DA:4858,0
DA:4859,0
DA:4860,0
DA:4861,0
DA:4862,0
DA:4863,0
DA:4867,0
DA:4874,0
DA:4875,0
DA:4876,0
DA:4877,0
DA:4878,0
DA:4879,0
DA:4883,0
DA:4885,0
DA:4886,0
DA:4887,0
DA:4889,0
DA:4890,0
DA:4892,0
DA:4893,0
DA:4895,0
DA:4896,0
DA:4898,0
DA:4899,0
DA:4904,0
DA:4906,0
DA:4907,0
DA:4908,0
DA:4909,0
DA:4910,0
DA:4911,0
DA:4912,0
DA:4913,0
DA:4922,0
DA:5006,0
DA:5007,0
DA:5008,0
DA:5009,0
DA:5010,0
DA:5011,0
DA:5012,0
DA:5013,0
DA:5014,0
DA:5016,0
DA:5017,0
DA:5018,0
DA:5021,0
DA:5026,0
DA:5027,0
DA:5028,0
DA:5029,0
DA:5031,0
DA:5032,0
DA:5034,0
DA:5037,0
DA:5039,0
DA:5040,0
DA:5042,0
DA:5045,0
DA:5047,0
DA:5048,0
DA:5050,0
DA:5053,0
DA:5055,0
DA:5056,0
DA:5058,0
DA:5059,0
DA:5064,0
DA:5065,0
DA:5067,0
DA:5070,0
DA:5071,0
DA:5073,0
DA:5079,0
DA:5080,0
DA:5081,0
DA:5083,0
DA:5084,0
DA:5085,0
DA:5087,0
DA:5089,0
DA:5091,0
DA:5093,0
DA:5095,0
DA:5097,0
DA:5099,0
DA:5101,0
DA:5103,0
DA:5105,0
DA:5107,0
DA:5109,0
DA:5111,0
DA:5116,0
DA:5118,0
DA:5131,0
DA:5140,0
DA:5142,0
DA:5143,0
DA:5144,0
DA:5145,0
DA:5146,0
DA:5147,0
DA:5148,0
DA:5150,0
DA:5151,0
DA:5153,0
DA:5157,0
DA:5158,0
DA:5159,0
DA:5160,0
DA:5161,0
DA:5162,0
DA:5163,0
DA:5165,0
DA:5166,0
DA:5168,0
DA:5169,0
DA:5173,0
DA:5177,0
DA:5178,0
DA:5179,0
DA:5180,0
DA:5181,0
DA:5182,0
DA:5183,0
DA:5184,0
DA:5185,0
DA:5188,0
DA:5190,0
DA:5191,0
DA:5192,0
DA:5193,0
DA:5194,0
DA:5195,0
DA:5196,0
DA:5197,0
DA:5198,0
DA:5202,0
DA:5210,0
DA:5211,0
DA:5212,0
DA:5213,0
DA:5214,0
DA:5215,0
DA:5216,0
DA:5217,0
DA:5219,0
DA:5220,0
DA:5221,0
DA:5222,0
DA:5223,0
DA:5224,0
DA:5225,0
DA:5226,0
DA:5227,0
DA:5228,0
DA:5229,0
DA:5230,0
DA:5231,0
DA:5235,0
DA:5237,0
DA:5238,0
DA:5239,0
DA:5240,0
DA:5241,0
DA:5242,0
DA:5243,0
DA:5244,0
DA:5245,0
DA:5246,0
DA:5249,0
DA:5250,0
DA:5251,0
DA:5252,0
DA:5253,0
DA:5254,0
DA:5255,0
DA:5256,0
DA:5257,0
DA:5259,0
DA:5262,0
DA:5263,0
DA:5264,0
DA:5265,0
DA:5266,0
DA:5267,0
DA:5268,0
DA:5269,0
DA:5280,0
DA:5289,0
DA:5297,0
DA:5298,0
DA:5299,0
DA:5300,0
DA:5309,0
DA:5310,0
DA:5311,0
DA:5312,0
DA:5313,0
DA:5314,0
DA:5315,0
DA:5316,0
DA:5320,0
DA:5329,0
DA:5330,0
DA:5331,0
DA:5332,0
DA:5333,0
DA:5334,0
DA:5335,0
DA:5336,0
DA:5340,0
DA:5342,0
DA:5343,0
DA:5344,0
DA:5346,0
DA:5347,0
DA:5349,0
DA:5350,0
DA:5352,0
DA:5353,0
DA:5355,0
DA:5356,0
DA:5358,0
DA:5359,0
DA:5361,0
DA:5362,0
DA:5367,0
DA:5369,0
DA:5370,0
DA:5371,0
DA:5372,0
DA:5373,0
DA:5374,0
DA:5375,0
DA:5376,0
DA:5377,0
DA:5378,0
DA:5383,2
DA:5384,0
DA:5386,2
DA:5392,2
DA:5393,2
DA:5396,0
DA:5398,0
DA:5399,0
DA:5400,0
DA:5401,0
DA:5402,0
DA:5403,0
DA:5404,0
DA:5405,0
DA:5406,0
DA:5407,0
DA:5408,0
DA:5409,0
DA:5410,0
DA:5447,0
DA:5454,0
DA:5455,0
DA:5456,0
DA:5459,0
DA:5460,0
DA:5461,0
DA:5464,0
DA:5465,0
DA:5466,0
DA:5469,0
DA:5470,0
DA:5471,0
DA:5474,0
DA:5475,0
DA:5476,0
DA:5479,0
DA:5480,0
DA:5481,0
DA:5484,0
DA:5485,0
DA:5486,0
DA:5489,0
DA:5490,0
DA:5491,0
DA:5494,0
DA:5495,0
DA:5496,0
DA:5499,0
DA:5500,0
DA:5501,0
DA:5504,0
DA:5505,0
DA:5506,0
DA:5509,0
DA:5510,0
DA:5511,0
DA:5517,0
DA:5524,0
DA:5525,0
DA:5526,0
DA:5529,0
DA:5530,0
DA:5531,0
DA:5534,0
DA:5535,0
DA:5536,0
DA:5539,0
DA:5540,0
DA:5541,0
DA:5544,0
DA:5545,0
DA:5546,0
DA:5549,0
DA:5550,0
DA:5551,0
DA:5554,0
DA:5555,0
DA:5556,0
DA:5559,0
DA:5560,0
DA:5561,0
DA:5564,0
DA:5565,0
DA:5566,0
DA:5569,0
DA:5570,0
DA:5571,0
DA:5574,0
DA:5575,0
DA:5576,0
DA:5579,0
DA:5580,0
DA:5581,0
DA:5587,0
DA:5594,0
DA:5595,0
DA:5597,0
DA:5598,0
DA:5599,0
DA:5602,0
DA:5603,0
DA:5604,0
DA:5607,0
DA:5608,0
DA:5609,0
DA:5612,0
DA:5613,0
DA:5615,0
DA:5616,0
DA:5618,0
DA:5619,0
DA:5621,0
DA:5622,0
DA:5623,0
DA:5626,0
DA:5627,0
DA:5628,0
DA:5631,0
DA:5632,0
DA:5633,0
DA:5636,0
DA:5637,0
DA:5638,0
DA:5641,0
DA:5642,0
DA:5643,0
DA:5669,0
DA:5670,0
DA:5671,0
DA:5674,0
DA:5675,0
DA:5676,0
DA:5677,0
DA:5678,0
DA:5679,0
DA:5681,0
DA:5694,0
DA:5709,0
DA:5722,0
DA:5736,0
DA:5737,0
DA:5738,0
DA:5808,0
DA:5810,0
DA:5811,0
DA:5813,0
DA:5814,0
DA:5816,0
DA:5817,0
DA:5818,0
DA:5819,0
DA:5820,0
DA:5822,0
DA:5823,0
DA:5827,0
DA:5828,0
DA:5830,0
DA:5831,0
DA:5833,0
DA:5834,0
DA:5835,0
DA:5836,0
DA:5837,0
DA:5839,0
DA:5840,0
DA:5844,0
DA:5846,0
DA:5847,0
DA:5848,0
DA:5851,0
DA:5852,0
DA:5853,0
DA:5854,0
DA:5855,0
DA:5857,0
DA:5858,0
DA:5859,0
DA:5863,0
DA:5865,0
DA:5866,0
DA:5867,0
DA:5870,0
DA:5871,0
DA:5872,0
DA:5873,0
DA:5874,0
DA:5876,0
DA:5877,0
DA:5878,0
DA:5882,0
DA:5883,0
DA:5884,0
DA:5885,0
DA:5888,0
DA:5889,0
DA:5890,0
DA:5891,0
DA:5892,0
DA:5894,0
DA:5895,0
DA:5896,0
DA:5900,0
DA:5901,0
DA:5902,0
DA:5903,0
DA:5906,0
DA:5907,0
DA:5908,0
DA:5909,0
DA:5910,0
DA:5912,0
DA:5913,0
DA:5914,0
DA:5918,0
DA:5919,0
DA:5920,0
DA:5921,0
DA:5924,0
DA:5925,0
DA:5926,0
DA:5927,0
DA:5928,0
DA:5930,0
DA:5931,0
DA:5932,0
DA:5936,0
DA:5937,0
DA:5938,0
DA:5939,0
DA:5942,0
DA:5943,0
DA:5944,0
DA:5945,0
DA:5946,0
DA:5948,0
DA:5949,0
DA:5950,0
DA:5954,0
DA:5956,0
DA:5957,0
DA:5958,0
DA:5961,0
DA:5962,0
DA:5963,0
DA:5964,0
DA:5965,0
DA:5967,0
DA:5968,0
DA:5969,0
DA:5973,0
DA:5975,0
DA:5976,0
DA:5977,0
DA:5980,0
DA:5981,0
DA:5982,0
DA:5983,0
DA:5984,0
DA:5986,0
DA:5987,0
DA:5988,0
DA:5994,0
DA:6001,0
DA:6002,0
DA:6003,0
DA:6006,0
DA:6007,0
DA:6008,0
DA:6011,0
DA:6012,0
DA:6013,0
DA:6016,0
DA:6017,0
DA:6018,0
DA:6021,0
DA:6022,0
DA:6023,0
DA:6026,0
DA:6027,0
DA:6028,0
DA:6031,0
DA:6032,0
DA:6033,0
DA:6036,0
DA:6037,0
DA:6038,0
DA:6041,0
DA:6042,0
DA:6043,0
DA:6046,0
DA:6047,0
DA:6048,0
DA:6051,0
DA:6052,0
DA:6053,0
DA:6056,0
DA:6057,0
DA:6058,0
DA:6061,0
DA:6062,0
DA:6063,0
DA:6066,0
DA:6067,0
DA:6068,0
DA:6071,0
DA:6072,0
DA:6073,0
DA:6076,0
DA:6077,0
DA:6078,0
DA:6081,0
DA:6082,0
DA:6083,0
DA:6086,0
DA:6087,0
DA:6089,0
DA:6090,0
DA:6091,0
DA:6093,0
DA:6097,0
DA:6098,0
DA:6099,0
DA:6109,0
DA:6110,0
DA:6112,0
DA:6113,0
DA:6114,0
DA:6116,0
DA:6120,0
DA:6121,0
DA:6122,0
DA:6132,0
DA:6135,0
DA:6137,0
DA:6138,0
DA:6139,0
DA:6141,0
DA:6145,0
DA:6146,0
DA:6147,0
DA:6154,0
DA:6157,0
DA:6160,0
DA:6162,0
DA:6163,0
DA:6164,0
DA:6166,0
DA:6170,0
DA:6171,0
DA:6172,0
DA:6179,0
DA:6182,0
DA:6185,0
DA:6187,0
DA:6188,0
DA:6189,0
DA:6191,0
DA:6195,0
DA:6196,0
DA:6197,0
DA:6204,0
DA:6207,0
DA:6210,0
DA:6212,0
DA:6213,0
DA:6214,0
DA:6216,0
DA:6220,0
DA:6221,0
DA:6222,0
DA:6229,0
DA:6232,0
DA:6235,0
DA:6237,0
DA:6238,0
DA:6239,0
DA:6241,0
DA:6245,0
DA:6246,0
DA:6247,0
DA:6254,0
DA:6257,0
DA:6260,0
DA:6262,0
DA:6263,0
DA:6264,0
DA:6266,0
DA:6270,0
DA:6271,0
DA:6272,0
DA:6279,0
DA:6282,0
DA:6285,0
DA:6287,0
DA:6288,0
DA:6289,0
DA:6291,0
DA:6295,0
DA:6296,0
DA:6297,0
DA:6304,0
DA:6307,0
DA:6310,0
DA:6312,0
DA:6313,0
DA:6314,0
DA:6316,0
DA:6320,0
DA:6321,0
DA:6322,0
DA:6329,0
DA:6334,0
DA:6341,0
DA:6342,0
DA:6343,0
DA:6346,0
DA:6347,0
DA:6348,0
DA:6351,0
DA:6352,0
DA:6353,0
DA:6356,0
DA:6357,0
DA:6358,0
DA:6361,0
DA:6362,0
DA:6363,0
DA:6366,0
DA:6367,0
DA:6368,0
DA:6371,0
DA:6372,0
DA:6373,0
DA:6376,0
DA:6377,0
DA:6378,0
DA:6381,0
DA:6382,0
DA:6383,0
DA:6386,0
DA:6387,0
DA:6388,0
DA:6391,0
DA:6392,0
DA:6393,0
DA:6396,0
DA:6397,0
DA:6398,0
DA:6401,0
DA:6402,0
DA:6403,0
DA:6406,0
DA:6407,0
DA:6408,0
DA:6411,0
DA:6412,0
DA:6413,0
DA:6416,0
DA:6417,0
DA:6418,0
DA:6421,0
DA:6422,0
DA:6423,0
DA:6426,0
DA:6427,0
DA:6429,0
DA:6430,0
DA:6431,0
DA:6433,0
DA:6437,0
DA:6438,0
DA:6439,0
DA:6449,0
DA:6450,0
DA:6452,0
DA:6453,0
DA:6454,0
DA:6456,0
DA:6460,0
DA:6461,0
DA:6462,0
DA:6475,0
DA:6482,0
DA:6483,0
DA:6485,0
DA:6486,0
DA:6487,0
DA:6490,0
DA:6491,0
DA:6493,0
DA:6494,0
DA:6496,0
DA:6497,0
DA:6499,0
DA:6500,0
DA:6501,0
DA:6504,0
DA:6505,0
DA:6506,0
DA:6509,0
DA:6510,0
DA:6511,0
DA:6514,0
DA:6515,0
DA:6517,0
DA:6518,0
DA:6519,0
DA:6522,0
DA:6523,0
DA:6524,0
DA:6527,0
DA:6528,0
DA:6529,0
DA:6532,0
DA:6533,0
DA:6534,0
DA:6537,0
DA:6538,0
DA:6539,0
DA:6542,0
DA:6543,0
DA:6545,0
DA:6546,0
DA:6548,0
DA:6549,0
DA:6551,0
DA:6552,0
DA:6554,0
DA:6555,0
DA:6556,0
DA:6558,0
DA:6562,0
DA:6563,0
DA:6564,0
DA:6574,0
DA:6575,0
DA:6577,0
DA:6578,0
DA:6579,0
DA:6581,0
DA:6585,0
DA:6586,0
DA:6587,0
DA:6597,0
DA:6600,0
DA:6602,0
DA:6603,0
DA:6604,0
DA:6606,0
DA:6610,0
DA:6611,0
DA:6612,0
DA:6619,0
DA:6622,0
DA:6625,0
DA:6627,0
DA:6628,0
DA:6629,0
DA:6631,0
DA:6635,0
DA:6636,0
DA:6637,0
DA:6644,0
DA:6647,0
DA:6650,0
DA:6652,0
DA:6653,0
DA:6654,0
DA:6656,0
DA:6660,0
DA:6661,0
DA:6662,0
DA:6669,0
DA:6672,0
DA:6675,0
DA:6677,0
DA:6678,0
DA:6679,0
DA:6681,0
DA:6685,0
DA:6686,0
DA:6687,0
DA:6694,0
DA:6697,0
DA:6700,0
DA:6702,0
DA:6703,0
DA:6704,0
DA:6706,0
DA:6710,0
DA:6711,0
DA:6712,0
DA:6719,0
DA:6722,0
DA:6725,0
DA:6727,0
DA:6728,0
DA:6729,0
DA:6731,0
DA:6735,0
DA:6736,0
DA:6737,0
DA:6744,0
DA:6747,0
DA:6750,0
DA:6752,0
DA:6753,0
DA:6754,0
DA:6756,0
DA:6760,0
DA:6761,0
DA:6762,0
DA:6769,0
DA:6772,0
DA:6775,0
DA:6777,0
DA:6778,0
DA:6779,0
DA:6781,0
DA:6785,0
DA:6786,0
DA:6787,0
DA:6794,0
DA:6824,0
DA:6825,0
DA:6826,0
DA:6829,0
DA:6830,0
DA:6831,0
DA:6832,0
DA:6833,0
DA:6834,0
DA:6836,0
DA:6856,0
DA:6878,0
DA:6898,0
DA:6919,0
DA:6920,0
DA:6921,0
DA:6922,0
DA:6924,0
DA:6926,0
DA:6938,0
DA:6940,0
DA:6941,0
DA:6942,0
DA:6943,0
DA:6944,0
DA:6945,0
DA:6946,0
DA:6947,0
DA:6948,0
DA:6965,0
DA:6968,0
DA:6970,0
DA:6972,0
DA:6974,0
DA:6975,0
DA:6981,0
DA:6983,0
DA:6985,0
DA:6987,0
DA:6988,0
DA:6995,0
DA:6996,0
DA:6998,0
DA:7001,0
DA:7002,0
DA:7003,0
DA:7005,0
DA:7006,0
DA:7011,0
DA:7014,0
DA:7015,0
DA:7016,0
DA:7018,0
DA:7019,0
DA:7024,0
DA:7027,0
DA:7028,0
DA:7032,0
DA:7034,0
DA:7035,0
DA:7040,0
DA:7047,0
DA:7048,0
DA:7052,0
DA:7054,0
DA:7055,0
DA:7060,0
DA:7063,0
DA:7064,0
DA:7068,0
DA:7070,0
DA:7071,0
DA:7076,0
DA:7079,0
DA:7080,0
DA:7084,0
DA:7086,0
DA:7087,0
DA:7092,0
DA:7095,0
DA:7096,0
DA:7097,0
DA:7099,0
DA:7100,0
DA:7105,0
DA:7108,0
DA:7109,0
DA:7110,0
DA:7112,0
DA:7113,0
DA:7175,0
DA:7177,0
DA:7178,0
DA:7180,0
DA:7181,0
DA:7183,0
DA:7184,0
DA:7185,0
DA:7186,0
DA:7187,0
DA:7189,0
DA:7190,0
DA:7194,0
DA:7195,0
DA:7197,0
DA:7198,0
DA:7200,0
DA:7201,0
DA:7202,0
DA:7203,0
DA:7204,0
DA:7206,0
DA:7207,0
DA:7211,0
DA:7216,0
DA:7217,0
DA:7218,0
DA:7219,0
DA:7220,0
DA:7224,0
DA:7225,0
DA:7226,0
DA:7227,0
DA:7228,0
DA:7230,0
DA:7231,0
DA:7233,0
DA:7234,0
DA:7241,0
DA:7248,0
DA:7249,0
DA:7250,0
DA:7253,0
DA:7254,0
DA:7255,0
DA:7258,0
DA:7259,0
DA:7260,0
DA:7263,0
DA:7264,0
DA:7265,0
DA:7268,0
DA:7269,0
DA:7270,0
DA:7273,0
DA:7274,0
DA:7275,0
DA:7278,0
DA:7279,0
DA:7281,0
DA:7282,0
DA:7283,0
DA:7285,0
DA:7289,0
DA:7290,0
DA:7291,0
DA:7301,0
DA:7302,0
DA:7304,0
DA:7305,0
DA:7306,0
DA:7308,0
DA:7312,0
DA:7313,0
DA:7314,0
DA:7324,0
DA:7327,0
DA:7329,0
DA:7330,0
DA:7331,0
DA:7333,0
DA:7337,0
DA:7338,0
DA:7339,0
DA:7346,0
DA:7352,0
DA:7359,0
DA:7360,0
DA:7361,0
DA:7364,0
DA:7365,0
DA:7366,0
DA:7369,0
DA:7370,0
DA:7371,0
DA:7374,0
DA:7375,0
DA:7376,0
DA:7379,0
DA:7380,0
DA:7381,0
DA:7384,0
DA:7385,0
DA:7386,0
DA:7389,0
DA:7390,0
DA:7392,0
DA:7393,0
DA:7394,0
DA:7396,0
DA:7400,0
DA:7401,0
DA:7402,0
DA:7412,0
DA:7413,0
DA:7415,0
DA:7416,0
DA:7417,0
DA:7419,0
DA:7423,0
DA:7424,0
DA:7425,0
DA:7438,0
DA:7445,0
DA:7446,0
DA:7448,0
DA:7449,0
DA:7450,0
DA:7453,0
DA:7454,0
DA:7455,0
DA:7458,0
DA:7459,0
DA:7460,0
DA:7463,0
DA:7464,0
DA:7465,0
DA:7468,0
DA:7469,0
DA:7471,0
DA:7472,0
DA:7474,0
DA:7475,0
DA:7476,0
DA:7478,0
DA:7482,0
DA:7483,0
DA:7484,0
DA:7494,0
DA:7495,0
DA:7497,0
DA:7498,0
DA:7499,0
DA:7501,0
DA:7505,0
DA:7506,0
DA:7507,0
DA:7517,0
DA:7521,0
DA:7523,0
DA:7524,0
DA:7525,0
DA:7527,0
DA:7531,0
DA:7532,0
DA:7533,0
DA:7540,0
DA:7563,0
DA:7564,0
DA:7565,0
DA:7568,0
DA:7569,0
DA:7570,0
DA:7571,0
DA:7572,0
DA:7573,0
DA:7575,0
DA:7584,0
DA:7595,0
DA:7604,0
DA:7614,0
DA:7615,0
DA:7616,0
DA:7617,0
DA:7618,0
DA:7621,0
DA:7623,0
DA:7628,0
DA:7630,0
DA:7631,0
DA:7648,0
DA:7651,0
DA:7653,0
DA:7655,0
DA:7657,0
DA:7658,0
DA:7664,0
DA:7666,0
DA:7668,0
DA:7670,0
DA:7671,0
DA:7678,0
DA:7679,0
DA:7681,0
DA:7688,0
DA:7689,0
DA:7690,0
DA:7694,0
DA:7696,0
DA:7697,0
DA:7746,0
DA:7748,0
DA:7749,0
DA:7751,0
DA:7752,0
DA:7754,0
DA:7755,0
DA:7756,0
DA:7757,0
DA:7758,0
DA:7760,0
DA:7761,0
DA:7768,0
DA:7775,0
DA:7776,0
DA:7777,0
DA:7780,0
DA:7781,0
DA:7782,0
DA:7785,0
DA:7786,0
DA:7787,0
DA:7790,0
DA:7791,0
DA:7792,0
DA:7795,0
DA:7796,0
DA:7798,0
DA:7799,0
DA:7800,0
DA:7802,0
DA:7806,0
DA:7807,0
DA:7808,0
DA:7821,0
DA:7828,0
DA:7829,0
DA:7830,0
DA:7833,0
DA:7834,0
DA:7835,0
DA:7838,0
DA:7839,0
DA:7840,0
DA:7843,0
DA:7844,0
DA:7845,0
DA:7848,0
DA:7849,0
DA:7851,0
DA:7852,0
DA:7853,0
DA:7855,0
DA:7859,0
DA:7860,0
DA:7861,0
DA:7874,0
DA:7881,0
DA:7882,0
DA:7884,0
DA:7885,0
DA:7887,0
DA:7888,0
DA:7890,0
DA:7891,0
DA:7893,0
DA:7894,0
DA:7896,0
DA:7897,0
DA:7898,0
DA:7900,0
DA:7904,0
DA:7905,0
DA:7906,0
DA:7932,0
DA:7933,0
DA:7934,0
DA:7937,0
DA:7938,0
DA:7939,0
DA:7940,0
DA:7941,0
DA:7942,0
DA:7944,0
DA:7950,0
DA:7958,0
DA:7964,0
DA:7971,0
DA:7972,0
DA:7973,0
DA:7974,0
DA:7975,0
DA:7978,0
DA:7979,0
DA:7980,0
DA:7982,0
DA:7998,0
DA:8001,0
DA:8003,0
DA:8005,0
DA:8007,0
DA:8008,0
DA:8015,0
DA:8016,0
DA:8061,0
DA:8067,0
DA:8068,0
DA:8071,0
DA:8072,0
DA:8074,0
DA:8075,0
DA:8076,0
DA:8077,0
DA:8078,0
DA:8080,0
DA:8081,0
DA:8088,0
DA:8095,0
DA:8096,0
DA:8097,0
DA:8100,0
DA:8101,0
DA:8102,0
DA:8105,0
DA:8106,0
DA:8107,0
DA:8110,0
DA:8111,0
DA:8112,0
DA:8115,0
DA:8116,0
DA:8117,0
DA:8120,0
DA:8121,0
DA:8122,0
DA:8125,0
DA:8126,0
DA:8128,0
DA:8129,0
DA:8130,0
DA:8132,0
DA:8136,0
DA:8137,0
DA:8138,0
DA:8151,0
DA:8158,0
DA:8159,0
DA:8160,0
DA:8163,0
DA:8164,0
DA:8165,0
DA:8168,0
DA:8169,0
DA:8170,0
DA:8173,0
DA:8174,0
DA:8175,0
DA:8178,0
DA:8179,0
DA:8180,0
DA:8183,0
DA:8184,0
DA:8185,0
DA:8188,0
DA:8189,0
DA:8191,0
DA:8192,0
DA:8193,0
DA:8195,0
DA:8199,0
DA:8200,0
DA:8201,0
DA:8214,0
DA:8221,0
DA:8222,0
DA:8224,0
DA:8225,0
DA:8226,0
DA:8229,0
DA:8230,0
DA:8232,0
DA:8233,0
DA:8234,0
DA:8237,0
DA:8238,0
DA:8240,0
DA:8241,0
DA:8243,0
DA:8244,0
DA:8246,0
DA:8247,0
DA:8248,0
DA:8250,0
DA:8254,0
DA:8255,0
DA:8256,0
DA:8282,0
DA:8283,0
DA:8284,0
DA:8287,0
DA:8288,0
DA:8289,0
DA:8290,0
DA:8291,0
DA:8292,0
DA:8294,0
DA:8302,0
DA:8312,0
DA:8320,0
DA:8329,0
DA:8330,0
DA:8331,0
DA:8332,0
DA:8333,0
DA:8336,0
DA:8337,0
DA:8338,0
DA:8340,0
DA:8356,0
DA:8359,0
DA:8361,0
DA:8363,0
DA:8365,0
DA:8366,0
DA:8373,0
DA:8374,0
DA:8423,0
DA:8425,0
DA:8426,0
DA:8429,0
DA:8430,0
DA:8432,0
DA:8433,0
DA:8434,0
DA:8435,0
DA:8436,0
DA:8438,0
DA:8439,0
DA:8446,0
DA:8453,0
DA:8454,0
DA:8455,0
DA:8458,0
DA:8459,0
DA:8460,0
DA:8463,0
DA:8464,0
DA:8465,0
DA:8468,0
DA:8469,0
DA:8470,0
DA:8473,0
DA:8474,0
DA:8475,0
DA:8478,0
DA:8479,0
DA:8480,0
DA:8483,0
DA:8484,0
DA:8485,0
DA:8488,0
DA:8489,0
DA:8490,0
DA:8493,0
DA:8494,0
DA:8496,0
DA:8497,0
DA:8498,0
DA:8500,0
DA:8504,0
DA:8505,0
DA:8506,0
DA:8519,0
DA:8526,0
DA:8527,0
DA:8528,0
DA:8531,0
DA:8532,0
DA:8533,0
DA:8536,0
DA:8537,0
DA:8538,0
DA:8541,0
DA:8542,0
DA:8543,0
DA:8546,0
DA:8547,0
DA:8548,0
DA:8551,0
DA:8552,0
DA:8553,0
DA:8556,0
DA:8557,0
DA:8558,0
DA:8561,0
DA:8562,0
DA:8563,0
DA:8566,0
DA:8567,0
DA:8569,0
DA:8570,0
DA:8571,0
DA:8573,0
DA:8577,0
DA:8578,0
DA:8579,0
DA:8592,0
DA:8599,0
DA:8600,0
DA:8602,0
DA:8603,0
DA:8605,0
DA:8606,0
DA:8608,0
DA:8609,0
DA:8611,0
DA:8612,0
DA:8614,0
DA:8615,0
DA:8616,0
DA:8619,0
DA:8620,0
DA:8622,0
DA:8623,0
DA:8625,0
DA:8626,0
DA:8628,0
DA:8629,0
DA:8630,0
DA:8632,0
DA:8636,0
DA:8637,0
DA:8638,0
DA:8664,0
DA:8665,0
DA:8666,0
DA:8669,0
DA:8670,0
DA:8671,0
DA:8672,0
DA:8673,0
DA:8674,0
DA:8676,0
DA:8686,0
DA:8698,0
DA:8708,0
DA:8719,0
DA:8720,0
DA:8721,0
DA:8722,0
DA:8723,0
DA:8726,0
DA:8727,0
DA:8728,0
DA:8730,0
DA:8746,0
DA:8749,0
DA:8751,0
DA:8753,0
DA:8755,0
DA:8756,0
DA:8763,0
DA:8764,0
DA:8809,0
DA:8816,0
DA:8817,0
DA:8818,0
DA:8821,0
DA:8822,0
DA:8823,0
DA:8826,0
DA:8827,0
DA:8828,0
DA:8831,0
DA:8832,0
DA:8833,0
DA:8836,0
DA:8837,0
DA:8838,0
DA:8841,0
DA:8842,0
DA:8843,0
DA:8846,0
DA:8847,0
DA:8848,0
DA:8854,0
DA:8861,0
DA:8862,0
DA:8863,0
DA:8866,0
DA:8867,0
DA:8868,0
DA:8871,0
DA:8872,0
DA:8873,0
DA:8876,0
DA:8877,0
DA:8878,0
DA:8881,0
DA:8882,0
DA:8883,0
DA:8886,0
DA:8887,0
DA:8888,0
DA:8891,0
DA:8892,0
DA:8893,0
DA:8899,0
DA:8906,0
DA:8907,0
DA:8909,0
DA:8910,0
DA:8911,0
DA:8914,0
DA:8915,0
DA:8917,0
DA:8918,0
DA:8920,0
DA:8921,0
DA:8923,0
DA:8924,0
DA:8926,0
DA:8927,0
DA:8948,0
DA:8949,0
DA:8950,0
DA:8953,0
DA:8954,0
DA:8955,0
DA:8956,0
DA:8957,0
DA:8958,0
DA:8960,0
DA:8968,0
DA:8978,0
DA:8986,0
DA:8995,0
DA:8996,0
DA:8997,0
DA:9039,0
DA:9041,0
DA:9042,0
DA:9045,0
DA:9046,0
DA:9048,0
DA:9049,0
DA:9050,0
DA:9051,0
DA:9052,0
DA:9054,0
DA:9055,0
DA:9062,0
DA:9069,0
DA:9070,0
DA:9071,0
DA:9074,0
DA:9075,0
DA:9076,0
DA:9079,0
DA:9080,0
DA:9081,0
DA:9084,0
DA:9085,0
DA:9086,0
DA:9089,0
DA:9090,0
DA:9092,0
DA:9093,0
DA:9094,0
DA:9096,0
DA:9100,0
DA:9101,0
DA:9102,0
DA:9115,0
DA:9122,0
DA:9123,0
DA:9124,0
DA:9127,0
DA:9128,0
DA:9129,0
DA:9132,0
DA:9133,0
DA:9134,0
DA:9137,0
DA:9138,0
DA:9139,0
DA:9142,0
DA:9143,0
DA:9145,0
DA:9146,0
DA:9147,0
DA:9149,0
DA:9153,0
DA:9154,0
DA:9155,0
DA:9168,0
DA:9175,0
DA:9176,0
DA:9178,0
DA:9179,0
DA:9181,0
DA:9182,0
DA:9184,0
DA:9185,0
DA:9187,0
DA:9188,0
DA:9190,0
DA:9191,0
DA:9192,0
DA:9194,0
DA:9198,0
DA:9199,0
DA:9200,0
DA:9226,0
DA:9227,0
DA:9228,0
DA:9231,0
DA:9232,0
DA:9233,0
DA:9234,0
DA:9235,0
DA:9236,0
DA:9238,0
DA:9244,0
DA:9252,0
DA:9258,0
DA:9265,0
DA:9266,0
DA:9267,0
DA:9268,0
DA:9269,0
DA:9272,0
DA:9273,0
DA:9274,0
DA:9276,0
DA:9292,0
DA:9295,0
DA:9297,0
DA:9299,0
DA:9301,0
DA:9302,0
DA:9309,0
DA:9310,0
DA:9351,0
DA:9353,0
DA:9354,0
DA:9356,0
DA:9357,0
DA:9359,0
DA:9360,0
DA:9361,0
DA:9362,0
DA:9363,0
DA:9365,0
DA:9366,0
DA:9370,0
DA:9371,0
DA:9373,0
DA:9374,0
DA:9376,0
DA:9377,0
DA:9378,0
DA:9379,0
DA:9380,0
DA:9382,0
DA:9383,0
DA:9390,0
DA:9397,0
DA:9398,0
DA:9399,0
DA:9402,0
DA:9403,0
DA:9404,0
DA:9407,0
DA:9408,0
DA:9409,0
DA:9412,0
DA:9413,0
DA:9415,0
DA:9416,0
DA:9417,0
DA:9419,0
DA:9423,0
DA:9424,0
DA:9425,0
DA:9435,0
DA:9436,0
DA:9438,0
DA:9439,0
DA:9440,0
DA:9442,0
DA:9446,0
DA:9447,0
DA:9448,0
DA:9461,0
DA:9468,0
DA:9469,0
DA:9470,0
DA:9473,0
DA:9474,0
DA:9475,0
DA:9478,0
DA:9479,0
DA:9480,0
DA:9483,0
DA:9484,0
DA:9486,0
DA:9487,0
DA:9488,0
DA:9490,0
DA:9494,0
DA:9495,0
DA:9496,0
DA:9506,0
DA:9507,0
DA:9509,0
DA:9510,0
DA:9511,0
DA:9513,0
DA:9517,0
DA:9518,0
DA:9519,0
DA:9532,0
DA:9539,0
DA:9540,0
DA:9542,0
DA:9543,0
DA:9544,0
DA:9547,0
DA:9548,0
DA:9550,0
DA:9551,0
DA:9553,0
DA:9554,0
DA:9555,0
DA:9557,0
DA:9561,0
DA:9562,0
DA:9563,0
DA:9573,0
DA:9574,0
DA:9576,0
DA:9577,0
DA:9578,0
DA:9580,0
DA:9584,0
DA:9585,0
DA:9586,0
DA:9612,0
DA:9613,0
DA:9614,0
DA:9617,0
DA:9618,0
DA:9619,0
DA:9620,0
DA:9621,0
DA:9622,0
DA:9624,0
DA:9630,0
DA:9638,0
DA:9644,0
DA:9651,0
DA:9652,0
DA:9653,0
DA:9654,0
DA:9655,0
DA:9658,0
DA:9659,0
DA:9660,0
DA:9662,0
DA:9678,0
DA:9681,0
DA:9683,0
DA:9685,0
DA:9687,0
DA:9688,0
DA:9694,0
DA:9696,0
DA:9698,0
DA:9700,0
DA:9701,0
DA:9708,0
DA:9709,0
DA:9759,0
DA:9765,0
DA:9766,0
DA:9767,0
DA:9770,0
DA:9771,0
DA:9773,0
DA:9774,0
DA:9775,0
DA:9776,0
DA:9777,0
DA:9779,0
DA:9780,0
DA:9787,0
DA:9794,0
DA:9795,0
DA:9796,0
DA:9799,0
DA:9800,0
DA:9801,0
DA:9804,0
DA:9805,0
DA:9806,0
DA:9809,0
DA:9810,0
DA:9811,0
DA:9814,0
DA:9815,0
DA:9816,0
DA:9819,0
DA:9820,0
DA:9821,0
DA:9824,0
DA:9825,0
DA:9827,0
DA:9828,0
DA:9829,0
DA:9831,0
DA:9835,0
DA:9836,0
DA:9837,0
DA:9850,0
DA:9857,0
DA:9858,0
DA:9859,0
DA:9862,0
DA:9863,0
DA:9864,0
DA:9867,0
DA:9868,0
DA:9869,0
DA:9872,0
DA:9873,0
DA:9874,0
DA:9877,0
DA:9878,0
DA:9879,0
DA:9882,0
DA:9883,0
DA:9884,0
DA:9887,0
DA:9888,0
DA:9890,0
DA:9891,0
DA:9892,0
DA:9894,0
DA:9898,0
DA:9899,0
DA:9900,0
DA:9913,0
DA:9920,0
DA:9921,0
DA:9923,0
DA:9924,0
DA:9925,0
DA:9928,0
DA:9929,0
DA:9931,0
DA:9932,0
DA:9933,0
DA:9936,0
DA:9937,0
DA:9939,0
DA:9940,0
DA:9942,0
DA:9943,0
DA:9945,0
DA:9946,0
DA:9947,0
DA:9949,0
DA:9953,0
DA:9954,0
DA:9955,0
DA:9981,0
DA:9984,0
DA:9985,0
DA:9988,0
DA:9989,0
DA:9990,0
DA:9991,0
DA:9995,0
DA:9996,0
DA:10001,0
DA:10009,0
DA:10019,0
DA:10027,0
DA:10036,0
DA:10037,0
DA:10038,0
DA:10039,0
DA:10040,0
DA:10043,0
DA:10044,0
DA:10045,0
DA:10047,0
DA:10063,0
DA:10066,0
DA:10068,0
DA:10071,0
DA:10074,0
DA:10075,0
DA:10082,0
DA:10083,0
DA:10108,0
DA:10109,0
DA:10110,0
DA:10111,0
DA:10112,0
DA:10113,0
DA:10114,0
DA:10115,0
DA:10116,0
DA:10117,0
DA:10118,0
DA:10119,0
DA:10120,0
DA:10121,0
DA:10122,0
DA:10123,0
DA:10124,0
DA:10125,0
DA:10126,0
DA:10127,0
LF:4143
LH:25
end_of_record
SF:lib\core\database\app_database.dart
DA:10,0
DA:11,0
DA:12,0
DA:13,0
DA:14,0
DA:15,0
DA:16,0
DA:17,0
DA:18,0
DA:19,0
DA:20,0
DA:21,0
DA:23,0
DA:24,0
DA:28,0
DA:29,0
DA:30,0
DA:31,0
DA:32,0
DA:33,0
DA:34,0
DA:35,0
DA:38,0
DA:39,0
DA:40,0
DA:41,0
DA:42,0
DA:45,0
DA:46,0
DA:47,0
DA:48,0
DA:49,0
DA:51,0
DA:52,0
DA:53,0
DA:57,0
DA:58,0
DA:59,0
DA:60,0
DA:61,0
DA:62,0
DA:63,0
DA:64,0
DA:65,0
DA:66,0
DA:70,0
DA:71,0
DA:72,0
DA:73,0
DA:74,0
DA:78,0
DA:79,0
DA:80,0
DA:81,0
DA:82,0
DA:83,0
DA:84,0
DA:88,0
DA:89,0
DA:90,0
DA:91,0
DA:92,0
DA:93,0
DA:94,0
DA:98,0
DA:99,0
DA:100,0
DA:101,0
DA:102,0
DA:103,0
DA:104,0
DA:105,0
DA:106,0
DA:110,0
DA:111,0
DA:112,0
DA:113,0
DA:114,0
DA:115,0
DA:116,0
DA:120,0
DA:121,0
DA:122,0
DA:123,0
DA:124,0
DA:128,0
DA:129,0
DA:130,0
DA:131,0
DA:132,0
DA:133,0
DA:134,0
DA:143,3
DA:145,0
DA:148,0
DA:150,0
DA:151,0
DA:152,0
DA:153,0
DA:154,0
DA:159,0
DA:160,0
DA:161,0
DA:163,0
DA:164,0
DA:166,0
DA:167,0
DA:169,0
DA:170,0
DA:172,0
DA:173,0
DA:174,0
DA:175,0
DA:177,0
DA:178,0
DA:179,0
DA:180,0
DA:181,0
DA:182,0
DA:183,0
DA:184,0
DA:185,0
DA:186,0
DA:187,0
DA:188,0
DA:190,0
DA:191,0
DA:192,0
DA:193,0
DA:194,0
DA:196,0
DA:197,0
DA:198,0
DA:199,0
DA:200,0
DA:201,0
DA:202,0
DA:204,0
DA:205,0
DA:206,0
DA:209,0
DA:210,0
DA:211,0
DA:212,0
DA:218,0
DA:219,0
DA:220,0
DA:221,0
DA:222,0
DA:223,0
DA:224,0
DA:225,0
DA:226,0
DA:227,0
DA:228,0
DA:229,0
DA:230,0
DA:231,0
DA:232,0
DA:233,0
DA:237,0
DA:238,0
DA:239,0
DA:240,0
DA:241,0
DA:243,0
DA:246,0
DA:247,0
DA:251,0
DA:252,0
DA:253,0
DA:254,0
DA:255,0
DA:256,0
DA:257,0
DA:259,0
DA:262,0
DA:263,0
DA:266,0
DA:267,0
DA:268,0
DA:271,0
DA:272,0
DA:275,0
DA:277,0
DA:280,0
DA:281,0
DA:284,0
DA:285,0
DA:288,0
DA:289,0
DA:290,0
DA:291,0
DA:292,0
DA:293,0
DA:294,0
DA:295,0
DA:299,0
DA:300,0
DA:301,0
DA:302,0
DA:305,0
DA:306,0
DA:307,0
DA:310,0
DA:311,0
DA:312,0
DA:314,0
DA:315,0
DA:316,0
DA:319,0
DA:320,0
DA:322,0
DA:323,0
DA:325,0
DA:326,0
DA:330,0
DA:333,0
DA:337,0
DA:338,0
DA:341,0
DA:342,0
DA:345,0
DA:346,0
DA:347,0
DA:351,0
DA:352,0
DA:355,0
DA:356,0
DA:359,0
DA:360,0
DA:361,0
DA:365,0
DA:366,0
DA:369,0
DA:370,0
DA:373,0
DA:374,0
DA:375,0
DA:376,0
DA:379,0
DA:380,0
DA:381,0
DA:382,0
DA:385,0
DA:386,0
DA:387,1
DA:388,2
DA:389,6
DA:390,5
DA:391,1
DA:393,0
DA:394,0
DA:396,0
DA:397,0
DA:398,0
DA:402,0
DA:403,0
DA:406,0
DA:407,0
DA:410,0
DA:411,0
DA:414,0
DA:415,0
DA:416,0
DA:417,0
DA:419,0
DA:420,0
DA:423,0
DA:424,0
DA:425,0
DA:426,0
DA:428,0
DA:432,0
DA:433,0
DA:434,0
DA:439,0
DA:440,0
DA:441,0
DA:442,0
DA:446,0
DA:447,0
DA:448,0
DA:449,0
DA:450,0
DA:451,0
DA:452,0
DA:455,0
DA:456,0
DA:457,0
DA:458,0
DA:459,0
DA:464,0
DA:465,0
DA:466,0
DA:467,0
DA:468,0
DA:469,0
DA:470,0
DA:471,0
DA:473,0
DA:474,0
DA:475,0
DA:476,0
DA:477,0
DA:478,0
DA:479,0
DA:480,0
DA:481,0
DA:482,0
DA:489,0
DA:490,0
DA:493,0
DA:494,0
DA:497,0
DA:498,0
DA:501,0
DA:502,0
DA:503,0
DA:504,0
DA:506,0
DA:507,0
DA:508,0
DA:509,0
DA:510,0
DA:511,0
DA:513,0
DA:516,0
DA:517,0
DA:520,0
DA:521,0
DA:522,0
DA:526,0
DA:527,0
DA:528,0
DA:532,0
DA:533,0
DA:534,0
DA:535,0
DA:536,0
DA:537,0
DA:543,1
DA:544,2
DA:545,1
DA:546,0
DA:548,1
DA:549,5
DA:550,0
DA:551,0
DA:552,0
DA:553,0
DA:555,0
DA:557,1
DA:560,0
DA:561,0
DA:564,1
DA:565,8
DA:568,0
DA:569,0
DA:570,0
DA:572,0
DA:573,0
DA:574,0
DA:576,0
DA:577,0
DA:578,0
DA:580,0
DA:581,0
DA:582,0
DA:583,0
DA:591,1
DA:592,2
DA:593,1
DA:594,0
DA:595,0
LF:375
LH:17
end_of_record
SF:lib\core\error\exceptions.dart
DA:5,0
DA:7,0
DA:8,0
DA:12,0
DA:16,0
LF:5
LH:0
end_of_record
SF:lib\core\services\file_storage_service.dart
DA:9,0
DA:11,0
DA:12,0
DA:14,0
DA:15,0
DA:16,0
DA:17,0
DA:20,0
DA:21,0
DA:22,0
DA:24,0
DA:25,0
DA:26,0
DA:28,0
DA:35,0
DA:37,0
DA:38,0
DA:39,0
DA:40,0
DA:45,0
LF:20
LH:0
end_of_record
SF:lib\core\theme\app_theme.dart
DA:24,1
DA:25,1
DA:30,1
DA:34,1
DA:40,1
DA:44,1
DA:45,1
DA:50,1
DA:51,1
DA:53,1
DA:56,1
DA:59,1
DA:60,1
DA:61,2
DA:63,1
DA:64,1
DA:65,2
DA:67,1
DA:68,1
DA:69,1
DA:72,1
DA:74,1
DA:75,1
DA:81,1
DA:82,1
DA:87,1
DA:97,1
DA:101,1
DA:102,1
DA:107,1
DA:108,1
DA:110,1
DA:113,1
DA:116,1
DA:117,1
DA:120,1
DA:121,1
DA:124,1
DA:125,1
DA:126,1
DA:129,1
DA:132,1
DA:133,1
LF:43
LH:43
end_of_record
SF:lib\features\pedigree\data\models\dog_model.dart
DA:6,0
DA:10,0
DA:11,0
DA:12,0
DA:13,0
DA:14,0
DA:15,0
DA:16,0
DA:17,0
DA:18,0
DA:21,0
DA:22,0
DA:23,0
DA:24,0
DA:25,0
DA:26,0
DA:27,0
DA:28,0
DA:29,0
DA:35,0
DA:36,0
DA:37,0
DA:38,0
DA:39,0
DA:40,0
DA:41,0
DA:42,0
DA:43,0
DA:44,0
DA:45,0
DA:46,0
DA:47,0
DA:48,0
DA:49,0
DA:50,0
DA:51,0
DA:52,0
DA:53,0
DA:54,0
LF:39
LH:0
end_of_record
SF:lib\features\pedigree\data\models\litter_model.dart
DA:6,0
DA:7,0
DA:8,0
DA:9,0
DA:10,0
DA:11,0
DA:12,0
DA:13,0
DA:14,0
DA:15,0
DA:21,0
DA:22,0
DA:23,0
DA:24,0
DA:25,0
DA:26,0
DA:27,0
DA:28,0
DA:29,0
DA:30,0
LF:20
LH:0
end_of_record
SF:lib\features\pedigree\domain\entities\litter.dart
DA:11,0
DA:22,0
LF:2
LH:0
end_of_record
SF:lib\features\pedigree\data\repositories\pedigree_repository_impl.dart
DA:14,1
DA:16,0
DA:18,0
DA:19,0
DA:20,0
DA:21,0
DA:22,0
DA:23,0
DA:24,0
DA:25,0
DA:29,0
DA:31,0
DA:32,0
DA:35,0
DA:37,0
DA:38,0
DA:39,0
DA:40,0
DA:41,0
DA:44,0
DA:45,0
DA:46,0
DA:49,0
DA:51,0
DA:52,0
DA:55,0
DA:56,0
DA:57,0
DA:58,0
DA:60,0
DA:61,0
DA:66,0
DA:68,0
DA:69,0
DA:72,0
DA:74,0
DA:75,0
DA:78,0
DA:80,0
DA:81,0
DA:84,0
DA:86,0
DA:87,0
DA:90,1
DA:92,3
DA:93,0
DA:97,0
DA:100,0
DA:101,0
DA:102,0
DA:103,0
DA:104,0
DA:105,0
DA:106,0
DA:107,0
DA:108,0
DA:110,0
DA:112,0
DA:116,0
DA:119,0
DA:120,0
DA:121,0
DA:122,0
DA:123,0
DA:124,0
DA:125,0
DA:126,0
DA:127,0
DA:129,0
DA:131,0
DA:135,0
DA:138,0
DA:139,0
DA:140,0
DA:142,0
DA:144,0
DA:148,0
DA:151,0
DA:152,0
DA:153,0
DA:156,0
DA:157,0
DA:158,0
DA:161,0
DA:163,0
DA:167,0
DA:169,0
DA:170,0
DA:173,0
DA:175,0
DA:176,0
DA:179,0
DA:181,0
DA:184,0
DA:186,0
DA:187,0
DA:190,0
DA:193,0
DA:195,0
DA:199,0
DA:202,0
DA:203,0
DA:204,0
DA:206,0
DA:210,0
DA:212,0
DA:213,0
DA:216,0
DA:218,0
DA:219,0
DA:222,0
DA:224,0
DA:225,0
DA:229,0
DA:231,0
DA:232,0
DA:235,0
DA:238,0
DA:240,0
DA:244,0
DA:247,0
DA:248,0
DA:250,0
DA:254,0
DA:257,0
DA:259,0
DA:263,0
DA:266,0
DA:267,0
DA:270,0
DA:274,0
DA:277,0
DA:279,0
DA:283,0
DA:286,0
DA:287,0
DA:290,0
DA:294,0
DA:297,0
DA:299,0
DA:303,0
DA:306,0
DA:307,0
DA:308,0
DA:309,0
DA:311,0
DA:315,0
DA:318,0
DA:319,0
DA:320,0
DA:321,0
DA:323,0
DA:327,0
DA:330,0
DA:331,0
DA:333,0
DA:337,0
DA:340,0
DA:342,0
DA:346,0
DA:349,0
DA:350,0
DA:351,0
DA:352,0
DA:354,0
DA:358,0
DA:361,0
DA:363,0
DA:367,0
DA:370,0
DA:372,0
DA:376,0
DA:379,0
DA:381,0
DA:385,0
DA:388,0
DA:389,0
DA:390,0
DA:391,0
DA:393,0
DA:397,0
DA:400,0
DA:402,0
DA:406,0
DA:409,0
DA:411,0
DA:415,0
DA:418,0
DA:422,0
DA:423,0
DA:425,0
DA:427,0
DA:431,0
DA:434,0
DA:436,0
LF:195
LH:3
end_of_record
SF:lib\features\pedigree\domain\usecases\calculate_coi_usecase.dart
DA:5,0
DA:6,0
DA:7,0
DA:9,0
DA:10,0
DA:11,0
DA:12,0
DA:13,0
DA:16,0
DA:18,0
DA:19,0
DA:22,0
DA:23,0
DA:25,0
DA:26,0
DA:30,0
DA:31,0
DA:32,0
DA:33,0
DA:34,0
DA:38,0
LF:21
LH:0
end_of_record
SF:lib\features\pedigree\presentation\providers\pedigree_providers.dart
DA:10,4
DA:11,1
DA:12,3
DA:16,4
DA:17,2
DA:18,1
DA:21,0
DA:22,0
DA:25,0
DA:26,0
DA:27,0
DA:30,0
DA:31,0
DA:32,0
DA:36,0
DA:37,0
DA:38,0
DA:41,0
DA:42,0
DA:43,0
DA:47,0
DA:48,0
DA:49,0
DA:50,0
DA:51,0
DA:55,0
DA:56,0
DA:57,0
DA:58,0
DA:59,0
DA:62,0
DA:63,0
DA:64,0
DA:68,0
DA:69,0
DA:70,0
DA:71,0
DA:72,0
DA:76,0
DA:77,0
DA:78,0
LF:41
LH:6
end_of_record
SF:lib\core\theme\theme_provider.dart
DA:7,3
DA:8,0
DA:18,1
DA:26,0
DA:33,0
DA:34,0
DA:35,0
DA:36,0
DA:37,0
DA:38,0
DA:53,1
DA:55,3
DA:57,2
DA:58,1
DA:59,3
DA:60,0
DA:63,1
DA:64,0
DA:66,1
DA:67,1
DA:68,1
DA:69,1
DA:70,1
DA:73,0
DA:76,1
DA:80,1
DA:81,1
DA:85,0
DA:86,0
DA:87,0
DA:88,0
DA:90,0
DA:93,0
DA:94,0
DA:96,0
DA:97,0
DA:100,0
DA:101,0
DA:105,0
DA:106,0
DA:107,0
DA:108,0
DA:110,0
DA:111,0
DA:113,0
DA:117,0
DA:118,0
DA:119,0
DA:120,0
DA:123,0
DA:124,0
DA:125,0
DA:126,0
DA:129,0
DA:130,0
DA:131,0
DA:132,0
DA:134,0
DA:136,0
DA:140,0
DA:141,0
DA:142,0
DA:143,0
DA:144,0
DA:147,0
DA:148,0
DA:149,0
DA:150,0
DA:151,0
DA:155,4
DA:156,1
LF:71
LH:18
end_of_record
SF:lib\main.dart
DA:12,0
DA:13,0
DA:15,0
DA:16,0
DA:17,0
DA:20,0
DA:21,0
DA:27,0
DA:28,0
DA:29,0
DA:32,0
DA:34,0
DA:35,0
DA:36,0
DA:37,0
DA:43,0
DA:44,0
DA:45,0
DA:46,0
DA:47,0
DA:48,0
DA:57,1
DA:59,1
DA:61,2
DA:63,1
DA:66,2
DA:67,2
DA:68,1
DA:69,1
DA:70,1
DA:71,1
LF:31
LH:10
end_of_record
SF:lib\core\error\error_handler.dart
DA:5,0
DA:6,0
DA:8,0
DA:12,0
DA:13,0
DA:14,0
LF:6
LH:0
end_of_record
SF:lib\core\router\app_router.dart
DA:24,0
DA:25,0
DA:26,0
DA:29,0
DA:34,3
DA:36,1
DA:37,1
DA:39,1
DA:43,1
DA:45,0
DA:49,1
DA:51,0
DA:52,0
DA:53,0
DA:54,0
DA:55,0
DA:59,1
DA:61,0
DA:62,0
DA:63,0
DA:64,0
DA:67,1
DA:69,0
DA:70,0
DA:71,0
DA:72,0
DA:75,1
DA:77,0
DA:78,0
DA:79,0
DA:80,0
DA:83,1
DA:85,0
DA:86,0
DA:87,0
DA:88,0
DA:91,1
DA:93,0
DA:97,1
DA:99,0
DA:100,0
DA:101,0
DA:102,0
DA:105,1
DA:107,0
DA:108,0
DA:109,0
DA:110,0
DA:113,1
DA:115,0
DA:119,1
DA:121,0
DA:125,1
DA:127,0
DA:131,1
DA:133,0
DA:137,1
DA:139,0
DA:143,1
DA:145,0
DA:149,1
DA:151,0
DA:155,1
DA:157,0
DA:161,1
DA:163,0
DA:167,1
DA:169,0
DA:173,1
DA:175,0
LF:70
LH:24
end_of_record
SF:lib\features\pedigree\presentation\screens\dashboard_screen.dart
DA:15,4
DA:17,4
DA:18,1
DA:19,2
DA:20,2
DA:21,2
DA:24,2
DA:27,1
DA:28,0
DA:32,1
DA:33,0
DA:35,3
DA:41,0
DA:42,0
DA:43,0
DA:45,2
DA:49,1
DA:51,1
DA:52,1
DA:59,1
DA:61,2
DA:62,2
DA:63,1
DA:66,1
DA:68,3
DA:69,1
DA:70,1
DA:72,1
DA:73,1
DA:75,1
DA:79,0
DA:82,1
DA:83,1
DA:86,0
DA:88,1
DA:91,0
DA:93,1
DA:96,0
DA:98,1
DA:100,0
DA:104,1
DA:105,1
DA:107,1
DA:108,1
DA:109,1
DA:110,1
DA:111,1
DA:112,1
DA:113,1
DA:114,1
DA:117,3
DA:118,0
DA:120,0
DA:121,0
DA:122,0
DA:123,0
DA:128,0
DA:129,0
DA:130,0
DA:131,0
DA:138,1
DA:140,0
DA:146,1
DA:147,1
DA:148,1
DA:149,2
DA:150,1
DA:152,1
DA:153,1
DA:154,1
DA:155,1
DA:156,1
DA:157,1
DA:158,1
DA:160,1
DA:165,1
DA:176,0
DA:177,0
DA:179,0
DA:182,0
DA:184,0
DA:185,0
DA:191,0
DA:192,0
DA:193,0
DA:194,0
DA:196,0
DA:197,0
DA:200,0
DA:201,0
DA:202,0
DA:203,0
DA:205,0
DA:208,0
DA:212,0
DA:214,0
DA:217,0
DA:218,0
DA:221,0
DA:224,0
DA:226,0
DA:227,0
DA:230,0
DA:233,0
DA:235,0
DA:240,0
DA:241,0
DA:242,0
DA:243,0
DA:246,0
DA:248,0
DA:249,0
DA:250,0
DA:251,0
DA:252,0
DA:254,0
DA:261,0
DA:262,0
DA:263,0
DA:264,0
DA:265,0
DA:266,0
DA:267,0
DA:269,0
DA:270,0
DA:279,1
DA:280,0
DA:281,0
DA:289,0
DA:290,0
DA:292,0
DA:293,0
DA:295,0
DA:296,0
DA:299,0
DA:300,0
DA:301,0
DA:304,0
DA:307,0
DA:308,0
DA:309,0
DA:312,0
DA:315,0
DA:316,0
DA:317,0
DA:321,0
DA:324,0
DA:325,0
DA:326,0
DA:335,0
DA:336,0
DA:339,0
DA:343,1
DA:344,3
DA:345,4
DA:347,0
DA:348,0
DA:349,0
DA:350,0
DA:353,0
DA:354,0
DA:356,0
DA:357,0
DA:358,0
DA:362,0
DA:363,0
DA:364,0
DA:365,0
DA:375,1
DA:377,0
DA:379,0
DA:380,0
DA:382,0
DA:383,0
DA:384,0
DA:389,0
DA:392,0
DA:393,0
DA:395,0
DA:397,0
DA:399,0
DA:407,0
DA:413,0
DA:414,0
DA:415,0
DA:420,0
DA:422,0
DA:423,0
DA:424,0
DA:425,0
DA:426,0
DA:427,0
DA:430,0
DA:433,0
DA:435,0
DA:436,0
LF:196
LH:61
end_of_record
SF:lib\features\pedigree\presentation\screens\dog_detail_screen.dart
DA:27,0
DA:28,0
DA:29,0
DA:35,0
DA:37,0
DA:38,0
DA:47,0
DA:49,0
DA:50,0
DA:53,0
DA:54,0
DA:55,0
DA:59,0
DA:61,0
DA:62,0
DA:63,0
DA:65,0
DA:66,0
DA:67,0
DA:71,0
DA:72,0
DA:73,0
DA:78,0
DA:79,0
DA:82,0
DA:84,0
DA:86,0
DA:88,0
DA:90,0
DA:94,0
DA:95,0
DA:96,0
DA:97,0
DA:99,0
DA:102,0
DA:104,0
DA:105,0
DA:111,0
DA:125,0
DA:127,0
DA:128,0
DA:129,0
DA:131,0
DA:132,0
DA:134,0
DA:136,0
DA:144,0
DA:146,0
DA:147,0
DA:148,0
DA:149,0
DA:150,0
DA:151,0
DA:152,0
DA:155,0
DA:156,0
DA:163,0
DA:164,0
DA:165,0
DA:169,0
DA:170,0
DA:175,0
DA:176,0
DA:177,0
DA:182,0
DA:184,0
DA:186,0
DA:187,0
DA:189,0
DA:191,0
DA:192,0
DA:193,0
DA:199,0
DA:200,0
DA:203,0
DA:204,0
DA:205,0
DA:207,0
DA:216,0
DA:218,0
DA:219,0
DA:220,0
DA:221,0
DA:222,0
DA:223,0
DA:225,0
DA:226,0
DA:227,0
DA:237,0
DA:242,0
DA:246,0
DA:248,0
DA:260,0
DA:261,0
DA:264,0
DA:265,0
DA:267,0
DA:268,0
DA:269,0
DA:270,0
DA:271,0
DA:272,0
DA:273,0
DA:274,0
DA:275,0
DA:276,0
DA:279,0
DA:281,0
DA:283,0
DA:284,0
DA:286,0
DA:287,0
DA:288,0
DA:289,0
DA:297,0
DA:298,0
DA:303,0
DA:304,0
DA:305,0
DA:308,0
DA:310,0
DA:311,0
DA:312,0
DA:316,0
DA:317,0
DA:319,0
DA:320,0
DA:321,0
DA:323,0
DA:324,0
DA:325,0
DA:327,0
DA:328,0
DA:330,0
DA:332,0
DA:343,0
DA:344,0
DA:345,0
DA:348,0
DA:351,0
DA:353,0
DA:356,0
DA:363,0
DA:365,0
DA:369,0
DA:370,0
DA:373,0
DA:375,0
DA:376,0
DA:377,0
DA:379,0
DA:381,0
DA:382,0
DA:383,0
DA:389,0
DA:391,0
DA:395,0
DA:396,0
DA:399,0
DA:401,0
DA:402,0
DA:403,0
DA:405,0
DA:406,0
DA:407,0
DA:408,0
DA:414,0
DA:415,0
DA:416,0
DA:422,0
DA:423,0
DA:426,0
DA:430,0
DA:433,0
DA:435,0
DA:436,0
DA:437,0
DA:438,0
DA:439,0
DA:441,0
DA:443,0
DA:444,0
DA:445,0
DA:446,0
DA:447,0
DA:449,0
DA:454,0
DA:455,0
DA:456,0
DA:463,0
DA:464,0
DA:466,0
DA:469,0
DA:470,0
DA:471,0
DA:472,0
DA:473,0
DA:474,0
DA:475,0
DA:482,0
DA:484,0
DA:485,0
DA:486,0
DA:488,0
DA:489,0
DA:490,0
DA:491,0
DA:495,0
DA:499,0
DA:500,0
DA:501,0
DA:502,0
DA:503,0
DA:507,0
DA:508,0
DA:509,0
DA:512,0
DA:520,0
DA:521,0
DA:522,0
DA:523,0
DA:526,0
DA:527,0
DA:534,0
DA:535,0
DA:536,0
DA:537,0
DA:538,0
DA:539,0
DA:540,0
DA:541,0
DA:542,0
DA:547,0
DA:554,0
DA:555,0
DA:556,0
DA:559,0
DA:560,0
DA:561,0
DA:562,0
DA:563,0
DA:564,0
DA:565,0
DA:566,0
DA:567,0
DA:568,0
DA:569,0
DA:570,0
DA:571,0
DA:572,0
DA:573,0
DA:574,0
DA:575,0
DA:580,0
DA:582,0
DA:583,0
DA:584,0
DA:586,0
DA:587,0
DA:588,0
DA:590,0
DA:595,0
DA:596,0
DA:597,0
DA:599,0
DA:609,0
DA:610,0
DA:611,0
DA:612,0
DA:616,0
DA:620,0
DA:621,0
DA:625,0
DA:629,0
DA:630,0
DA:634,0
DA:638,0
DA:639,0
DA:643,0
DA:652,0
DA:653,0
DA:658,0
DA:659,0
DA:661,0
DA:662,0
DA:663,0
DA:664,0
DA:666,0
DA:668,0
DA:669,0
DA:671,0
DA:672,0
DA:673,0
DA:675,0
DA:679,0
DA:692,0
DA:697,0
DA:698,0
DA:701,0
DA:702,0
DA:705,0
DA:706,0
DA:710,0
DA:715,0
DA:717,0
DA:718,0
DA:719,0
DA:720,0
DA:721,0
DA:724,0
DA:725,0
DA:726,0
DA:728,0
DA:730,0
DA:731,0
DA:733,0
DA:734,0
DA:735,0
DA:741,0
DA:742,0
DA:743,0
DA:754,0
DA:760,0
DA:762,0
DA:763,0
DA:765,0
DA:766,0
DA:767,0
DA:768,0
DA:770,0
DA:771,0
DA:772,0
DA:774,0
DA:776,0
DA:788,0
DA:789,0
DA:791,0
DA:792,0
DA:793,0
DA:794,0
DA:797,0
DA:799,0
DA:802,0
DA:809,0
DA:811,0
DA:812,0
DA:815,0
DA:816,0
DA:817,0
DA:819,0
DA:820,0
DA:823,0
DA:824,0
DA:825,0
DA:830,0
DA:831,0
DA:832,0
DA:839,0
DA:840,0
DA:842,0
DA:844,0
DA:846,0
DA:854,0
DA:855,0
DA:856,0
DA:859,0
DA:860,0
DA:861,0
DA:863,0
DA:870,0
DA:871,0
DA:872,0
DA:873,0
DA:875,0
DA:876,0
DA:879,0
DA:880,0
DA:881,0
DA:882,0
DA:887,0
DA:888,0
DA:889,0
DA:903,0
DA:907,0
DA:908,0
DA:909,0
DA:910,0
DA:912,0
DA:914,0
DA:916,0
DA:920,0
LF:391
LH:0
end_of_record
SF:lib\features\pedigree\presentation\screens\add_dog_screen.dart
DA:21,0
DA:23,0
DA:24,0
DA:48,0
DA:50,0
DA:51,0
DA:52,0
DA:54,0
DA:55,0
DA:59,0
DA:61,0
DA:62,0
DA:63,0
DA:64,0
DA:65,0
DA:66,0
DA:67,0
DA:68,0
DA:71,0
DA:73,0
DA:74,0
DA:75,0
DA:76,0
DA:77,0
DA:78,0
DA:79,0
DA:80,0
DA:81,0
DA:82,0
DA:83,0
DA:85,0
DA:86,0
DA:89,0
DA:90,0
DA:92,0
DA:93,0
DA:94,0
DA:96,0
DA:97,0
DA:99,0
DA:105,0
DA:107,0
DA:108,0
DA:109,0
DA:111,0
DA:112,0
DA:115,0
DA:118,0
DA:119,0
DA:120,0
DA:121,0
DA:123,0
DA:124,0
DA:125,0
DA:126,0
DA:128,0
DA:130,0
DA:131,0
DA:133,0
DA:138,0
DA:140,0
DA:141,0
DA:146,0
DA:147,0
DA:153,0
DA:155,0
DA:156,0
DA:161,0
DA:162,0
DA:168,0
DA:170,0
DA:171,0
DA:176,0
DA:177,0
DA:179,0
DA:181,0
DA:183,0
DA:184,0
DA:185,0
DA:186,0
DA:190,0
DA:191,0
DA:192,0
DA:193,0
DA:200,0
DA:202,0
DA:203,0
DA:212,0
DA:214,0
DA:215,0
DA:216,0
DA:220,0
DA:222,0
DA:223,0
DA:235,0
DA:236,0
DA:239,0
DA:241,0
DA:242,0
DA:248,0
DA:249,0
DA:250,0
DA:251,0
DA:258,0
DA:260,0
DA:261,0
DA:267,0
DA:269,0
DA:276,0
DA:277,0
DA:279,0
DA:280,0
DA:281,0
DA:284,0
DA:285,0
DA:289,0
DA:290,0
DA:291,0
DA:294,0
DA:296,0
DA:298,0
DA:304,0
DA:306,0
DA:307,0
DA:308,0
DA:309,0
DA:310,0
DA:311,0
DA:312,0
DA:313,0
DA:314,0
DA:320,0
DA:321,0
DA:322,0
DA:323,0
DA:325,0
DA:326,0
DA:327,0
DA:328,0
DA:330,0
DA:331,0
DA:332,0
DA:333,0
DA:334,0
DA:339,0
DA:345,0
DA:346,0
DA:347,0
DA:349,0
DA:350,0
DA:352,0
DA:353,0
DA:358,0
DA:363,0
DA:364,0
DA:365,0
DA:366,0
DA:368,0
DA:369,0
DA:370,0
DA:371,0
DA:376,0
DA:377,0
DA:378,0
DA:379,0
DA:381,0
DA:382,0
DA:384,0
DA:385,0
DA:390,0
DA:395,0
DA:396,0
DA:397,0
DA:398,0
DA:400,0
DA:401,0
DA:402,0
DA:403,0
DA:408,0
DA:410,0
DA:411,0
DA:418,0
DA:420,0
DA:422,0
DA:423,0
DA:424,0
DA:425,0
DA:439,0
DA:440,0
DA:443,0
DA:445,0
DA:447,0
DA:448,0
DA:449,0
DA:450,0
DA:451,0
DA:452,0
DA:453,0
DA:454,0
DA:456,0
DA:457,0
DA:459,0
DA:460,0
DA:461,0
DA:462,0
DA:464,0
DA:465,0
DA:468,0
DA:470,0
DA:471,0
DA:472,0
DA:473,0
DA:475,0
DA:479,0
DA:480,0
DA:483,0
DA:484,0
DA:485,0
DA:488,0
DA:490,0
DA:491,0
DA:492,0
DA:493,0
DA:494,0
DA:496,0
DA:501,0
DA:502,0
DA:503,0
LF:228
LH:0
end_of_record
SF:lib\features\pedigree\presentation\screens\edit_dog_screen.dart
DA:17,0
DA:18,0
DA:19,0
DA:25,0
DA:27,0
DA:28,0
DA:53,0
DA:55,0
DA:56,0
DA:59,0
DA:60,0
DA:61,0
DA:62,0
DA:63,0
DA:64,0
DA:65,0
DA:66,0
DA:68,0
DA:69,0
DA:75,0
DA:76,0
DA:77,0
DA:78,0
DA:79,0
DA:80,0
DA:81,0
DA:82,0
DA:83,0
DA:84,0
DA:86,0
DA:87,0
DA:88,0
DA:89,0
DA:90,0
DA:91,0
DA:94,0
DA:96,0
DA:97,0
DA:98,0
DA:99,0
DA:100,0
DA:101,0
DA:102,0
DA:103,0
DA:106,0
DA:108,0
DA:109,0
DA:110,0
DA:111,0
DA:112,0
DA:113,0
DA:114,0
DA:115,0
DA:116,0
DA:117,0
DA:118,0
DA:119,0
DA:121,0
DA:122,0
DA:125,0
DA:126,0
DA:127,0
DA:128,0
DA:130,0
DA:131,0
DA:133,0
DA:134,0
DA:140,0
DA:141,0
DA:143,0
DA:144,0
DA:146,0
DA:148,0
DA:151,0
DA:152,0
DA:153,0
DA:154,0
DA:155,0
DA:157,0
DA:160,0
DA:163,0
DA:164,0
DA:166,0
DA:167,0
DA:168,0
DA:170,0
DA:171,0
DA:173,0
DA:179,0
DA:181,0
DA:182,0
DA:183,0
DA:185,0
DA:186,0
DA:189,0
DA:192,0
DA:193,0
DA:194,0
DA:195,0
DA:197,0
DA:198,0
DA:199,0
DA:200,0
DA:202,0
DA:204,0
DA:205,0
DA:207,0
DA:212,0
DA:214,0
DA:215,0
DA:220,0
DA:221,0
DA:227,0
DA:229,0
DA:230,0
DA:235,0
DA:236,0
DA:242,0
DA:244,0
DA:245,0
DA:251,0
DA:252,0
DA:253,0
DA:254,0
DA:258,0
DA:259,0
DA:260,0
DA:261,0
DA:268,0
DA:270,0
DA:271,0
DA:280,0
DA:281,0
DA:282,0
DA:286,0
DA:288,0
DA:289,0
DA:301,0
DA:302,0
DA:305,0
DA:307,0
DA:308,0
DA:314,0
DA:315,0
DA:316,0
DA:317,0
DA:324,0
DA:326,0
DA:327,0
DA:333,0
DA:335,0
DA:342,0
DA:343,0
DA:345,0
DA:346,0
DA:347,0
DA:350,0
DA:351,0
DA:355,0
DA:357,0
DA:359,0
DA:361,0
DA:367,0
DA:369,0
DA:370,0
DA:371,0
DA:373,0
DA:374,0
DA:376,0
DA:377,0
DA:382,0
DA:383,0
DA:388,0
DA:390,0
DA:391,0
DA:392,0
DA:393,0
DA:397,0
DA:398,0
DA:399,0
DA:404,0
DA:405,0
DA:406,0
DA:407,0
DA:409,0
DA:410,0
DA:412,0
DA:413,0
DA:418,0
DA:419,0
DA:424,0
DA:426,0
DA:427,0
DA:428,0
DA:429,0
DA:433,0
DA:434,0
DA:435,0
DA:440,0
DA:442,0
DA:443,0
DA:450,0
DA:452,0
DA:454,0
DA:455,0
DA:456,0
DA:457,0
DA:473,0
DA:474,0
DA:477,0
DA:479,0
DA:480,0
DA:481,0
DA:482,0
DA:483,0
DA:484,0
DA:485,0
DA:486,0
DA:487,0
DA:489,0
DA:490,0
DA:492,0
DA:493,0
DA:494,0
DA:495,0
DA:497,0
DA:500,0
DA:502,0
DA:503,0
DA:504,0
DA:507,0
DA:509,0
DA:510,0
DA:511,0
DA:512,0
DA:513,0
DA:515,0
DA:520,0
DA:521,0
DA:522,0
LF:240
LH:0
end_of_record
SF:lib\features\pedigree\presentation\screens\litter_form_screen.dart
DA:17,1
DA:19,0
DA:20,0
DA:40,0
DA:42,0
DA:44,0
DA:45,0
DA:46,0
DA:50,0
DA:51,0
DA:52,0
DA:53,0
DA:55,0
DA:57,0
DA:58,0
DA:59,0
DA:60,0
DA:61,0
DA:62,0
DA:63,0
DA:65,0
DA:66,0
DA:68,0
DA:69,0
DA:70,0
DA:71,0
DA:73,0
DA:74,0
DA:75,0
DA:76,0
DA:77,0
DA:78,0
DA:79,0
DA:82,0
DA:83,0
DA:88,0
DA:90,0
DA:91,0
DA:92,0
DA:93,0
DA:94,0
DA:95,0
DA:98,0
DA:100,0
DA:101,0
DA:102,0
DA:103,0
DA:105,0
DA:106,0
DA:107,0
DA:109,0
DA:110,0
DA:112,0
DA:113,0
DA:114,0
DA:116,0
DA:117,0
DA:119,0
DA:125,0
DA:128,0
DA:129,0
DA:130,0
DA:131,0
DA:132,0
DA:133,0
DA:135,0
DA:136,0
DA:138,0
DA:139,0
DA:144,0
DA:147,0
DA:148,0
DA:149,0
DA:150,0
DA:151,0
DA:153,0
DA:154,0
DA:156,0
DA:157,0
DA:162,0
DA:168,0
DA:169,0
DA:170,0
DA:171,0
DA:172,0
DA:174,0
DA:175,0
DA:177,0
DA:178,0
DA:183,0
DA:185,0
DA:186,0
DA:187,0
DA:188,0
DA:190,0
DA:191,0
DA:193,0
DA:194,0
DA:199,0
DA:204,0
DA:206,0
DA:208,0
DA:214,0
DA:217,0
DA:218,0
DA:219,0
DA:220,0
DA:222,0
DA:223,0
DA:224,0
DA:229,0
DA:230,0
DA:231,0
DA:232,0
DA:233,0
DA:237,0
DA:239,0
DA:241,0
DA:247,0
DA:250,0
DA:251,0
DA:252,0
DA:253,0
DA:255,0
DA:256,0
DA:257,0
DA:262,0
DA:263,0
DA:264,0
DA:265,0
DA:266,0
DA:270,0
DA:271,0
DA:272,0
DA:274,0
DA:275,0
DA:276,0
DA:277,0
DA:283,0
DA:285,0
DA:288,0
DA:292,0
DA:294,0
DA:295,0
DA:296,0
DA:300,0
DA:301,0
DA:305,0
DA:307,0
DA:309,0
DA:310,0
DA:311,0
DA:312,0
DA:316,0
DA:326,0
DA:327,0
DA:328,0
DA:333,0
DA:334,0
DA:335,0
DA:336,0
DA:338,0
DA:339,0
DA:340,0
DA:341,0
DA:344,0
DA:353,0
DA:354,0
DA:355,0
DA:360,0
DA:361,0
DA:362,0
DA:363,0
DA:365,0
DA:366,0
DA:367,0
DA:368,0
DA:371,0
DA:380,0
DA:381,0
DA:382,0
DA:389,0
DA:390,0
DA:391,0
DA:392,0
DA:393,0
DA:394,0
DA:397,0
DA:398,0
DA:399,0
DA:406,0
DA:407,0
DA:408,0
DA:415,0
DA:416,0
DA:417,0
DA:418,0
DA:419,0
DA:420,0
DA:423,0
DA:424,0
DA:425,0
DA:429,0
DA:430,0
DA:438,0
DA:439,0
DA:440,0
DA:446,0
DA:447,0
DA:448,0
DA:449,0
DA:450,0
DA:452,0
DA:453,0
DA:457,0
DA:458,0
DA:461,0
DA:469,0
DA:470,0
DA:471,0
DA:477,0
DA:478,0
DA:479,0
DA:485,0
DA:486,0
DA:487,0
DA:496,0
DA:497,0
DA:498,0
DA:500,0
DA:501,0
DA:502,0
DA:503,0
DA:504,0
DA:505,0
DA:508,0
DA:509,0
DA:510,0
DA:511,0
DA:517,0
DA:518,0
DA:519,0
DA:520,0
DA:523,0
DA:524,0
DA:525,0
DA:528,0
DA:529,0
DA:530,0
DA:531,0
DA:535,0
DA:536,0
DA:537,0
DA:538,0
DA:541,0
DA:542,0
DA:543,0
DA:550,0
DA:551,0
DA:552,0
DA:553,0
DA:558,0
DA:559,0
DA:560,0
DA:561,0
DA:564,0
DA:565,0
DA:566,0
DA:569,0
DA:570,0
DA:571,0
DA:572,0
DA:582,0
DA:583,0
DA:586,0
DA:588,0
DA:589,0
DA:590,0
DA:591,0
DA:592,0
DA:593,0
DA:594,0
DA:595,0
DA:596,0
DA:599,0
DA:600,0
DA:601,0
DA:602,0
DA:604,0
DA:605,0
DA:606,0
DA:608,0
DA:613,0
DA:616,0
DA:617,0
DA:621,0
DA:622,0
DA:624,0
DA:627,0
DA:628,0
DA:629,0
DA:630,0
DA:632,0
DA:634,0
DA:635,0
DA:636,0
DA:638,0
DA:639,0
DA:640,0
DA:644,0
DA:645,0
DA:646,0
LF:312
LH:1
end_of_record
SF:lib\features\pedigree\presentation\screens\litter_list_screen.dart
DA:22,0
DA:35,0
DA:38,0
DA:39,0
DA:40,0
DA:41,0
DA:44,0
DA:45,0
DA:46,0
DA:49,0
DA:50,0
DA:51,0
DA:53,0
DA:54,0
DA:55,0
DA:56,0
DA:57,0
DA:58,0
DA:59,0
DA:60,0
DA:61,0
DA:62,0
DA:63,0
DA:64,0
DA:68,0
DA:73,1
DA:75,0
DA:77,0
DA:78,0
DA:79,0
DA:81,0
DA:82,0
DA:85,0
DA:86,0
DA:87,0
DA:88,0
DA:90,0
DA:93,0
DA:95,0
DA:96,0
DA:102,0
DA:103,0
DA:104,0
DA:105,0
DA:107,0
DA:108,0
DA:109,0
DA:110,0
DA:112,0
DA:115,0
DA:117,0
DA:124,0
DA:125,0
DA:126,0
DA:127,0
DA:128,0
DA:129,0
DA:130,0
DA:131,0
DA:132,0
DA:134,0
DA:135,0
DA:136,0
DA:138,0
DA:139,0
DA:140,0
DA:141,0
DA:142,0
DA:144,0
DA:145,0
DA:146,0
DA:149,0
DA:150,0
DA:151,0
DA:152,0
DA:153,0
DA:154,0
DA:155,0
DA:156,0
DA:157,0
DA:160,0
DA:161,0
DA:162,0
DA:163,0
DA:164,0
DA:168,0
DA:169,0
DA:170,0
DA:171,0
DA:175,0
DA:176,0
DA:177,0
DA:178,0
DA:186,0
DA:187,0
DA:188,0
DA:189,0
DA:190,0
DA:195,0
DA:196,0
DA:197,0
DA:203,0
DA:206,0
DA:207,0
DA:214,0
DA:215,0
DA:216,0
DA:217,0
DA:218,0
DA:220,0
DA:221,0
DA:222,0
DA:226,0
DA:227,0
DA:228,0
DA:230,0
DA:231,0
DA:232,0
DA:233,0
DA:240,0
DA:241,0
DA:242,0
DA:247,0
DA:258,0
DA:259,0
DA:267,0
DA:268,0
DA:270,0
DA:272,0
DA:273,0
DA:275,0
DA:277,0
LF:132
LH:1
end_of_record
SF:lib\features\pedigree\presentation\screens\litter_health_screen.dart
DA:16,0
DA:18,0
DA:19,0
DA:31,0
DA:32,0
DA:34,0
DA:35,0
DA:36,0
DA:39,0
DA:40,0
DA:41,0
DA:42,0
DA:43,0
DA:45,0
DA:54,0
DA:55,0
DA:58,0
DA:59,0
DA:62,0
DA:63,0
DA:68,0
DA:70,0
DA:71,0
DA:72,0
DA:75,0
DA:77,0
DA:78,0
DA:79,0
DA:80,0
DA:82,0
DA:83,0
DA:85,0
DA:86,0
DA:87,0
DA:88,0
DA:95,0
DA:96,0
DA:97,0
DA:99,0
DA:100,0
DA:102,0
DA:108,0
DA:110,0
DA:111,0
DA:122,0
DA:123,0
DA:126,0
DA:128,0
DA:135,0
DA:136,0
DA:138,0
DA:139,0
DA:140,0
DA:142,0
DA:144,0
DA:145,0
DA:148,0
DA:150,0
DA:152,0
DA:155,0
DA:156,0
DA:158,0
DA:162,0
DA:163,0
DA:165,0
DA:166,0
DA:167,0
DA:169,0
DA:171,0
DA:172,0
DA:175,0
DA:177,0
DA:178,0
DA:185,0
DA:187,0
DA:190,0
DA:191,0
DA:192,0
DA:197,0
DA:199,0
DA:201,0
DA:202,0
DA:203,0
DA:210,0
DA:212,0
DA:214,0
DA:220,0
DA:222,0
DA:223,0
DA:224,0
DA:225,0
DA:226,0
DA:229,0
DA:230,0
DA:231,0
DA:232,0
DA:233,0
DA:234,0
DA:236,0
DA:239,0
DA:240,0
DA:241,0
DA:242,0
DA:243,0
DA:244,0
DA:245,0
DA:246,0
DA:249,0
DA:250,0
DA:251,0
DA:252,0
DA:253,0
DA:254,0
DA:256,0
DA:257,0
DA:258,0
DA:260,0
DA:261,0
DA:262,0
DA:263,0
DA:284,0
DA:286,0
DA:287,0
DA:288,0
DA:289,0
DA:294,0
DA:296,0
DA:297,0
DA:298,0
DA:299,0
DA:304,0
DA:306,0
DA:308,0
DA:309,0
DA:310,0
DA:311,0
DA:312,0
DA:313,0
DA:314,0
DA:318,0
DA:319,0
DA:320,0
DA:321,0
DA:322,0
DA:323,0
DA:324,0
DA:328,0
DA:329,0
DA:330,0
DA:331,0
DA:332,0
DA:333,0
DA:334,0
DA:336,0
DA:337,0
DA:338,0
DA:339,0
DA:342,0
DA:343,0
DA:344,0
DA:345,0
DA:349,0
DA:350,0
DA:351,0
DA:358,0
DA:359,0
DA:360,0
DA:363,0
DA:364,0
DA:365,0
LF:170
LH:0
end_of_record
SF:lib\features\settings\presentation\screens\settings_screen.dart
DA:8,1
DA:10,0
DA:12,0
DA:13,0
DA:15,0
DA:16,0
DA:19,0
DA:20,0
DA:21,0
DA:23,0
DA:24,0
DA:26,0
DA:32,0
DA:33,0
DA:39,0
DA:41,0
DA:42,0
DA:47,0
DA:48,0
DA:50,0
DA:51,0
DA:56,0
DA:57,0
DA:59,0
DA:60,0
DA:65,0
DA:66,0
DA:68,0
DA:69,0
DA:74,0
DA:75,0
DA:83,0
DA:91,0
DA:92,0
DA:93,0
DA:94,0
DA:96,0
DA:98,0
DA:99,0
DA:100,0
DA:102,0
DA:104,0
DA:105,0
DA:106,0
DA:107,0
DA:108,0
DA:109,0
DA:111,0
DA:112,0
DA:113,0
DA:115,0
DA:117,0
DA:118,0
DA:119,0
DA:121,0
DA:122,0
DA:124,0
DA:131,0
DA:133,0
DA:135,0
DA:136,0
DA:142,0
LF:62
LH:1
end_of_record
SF:lib\features\settings\presentation\screens\kennel_profile_screen.dart
DA:17,1
DA:19,0
DA:20,0
DA:59,0
DA:61,0
DA:62,0
DA:63,0
DA:64,0
DA:65,0
DA:66,0
DA:67,0
DA:70,0
DA:71,0
DA:73,0
DA:74,0
DA:75,0
DA:76,0
DA:77,0
DA:78,0
DA:79,0
DA:80,0
DA:81,0
DA:83,0
DA:84,0
DA:88,0
DA:90,0
DA:91,0
DA:92,0
DA:93,0
DA:94,0
DA:95,0
DA:96,0
DA:99,0
DA:101,0
DA:103,0
DA:104,0
DA:105,0
DA:106,0
DA:107,0
DA:108,0
DA:110,0
DA:113,0
DA:115,0
DA:116,0
DA:123,0
DA:124,0
DA:126,0
DA:128,0
DA:129,0
DA:144,0
DA:145,0
DA:147,0
DA:148,0
DA:149,0
DA:150,0
DA:151,0
DA:152,0
DA:156,0
DA:157,0
DA:159,0
DA:160,0
DA:161,0
DA:174,0
DA:175,0
DA:176,0
DA:178,0
DA:179,0
DA:180,0
DA:182,0
DA:183,0
DA:184,0
DA:190,0
DA:191,0
DA:197,0
DA:198,0
DA:199,0
DA:206,0
DA:207,0
DA:209,0
DA:215,0
DA:216,0
DA:217,0
DA:218,0
DA:219,0
DA:222,0
DA:223,0
DA:224,0
DA:225,0
DA:226,0
DA:230,0
DA:231,0
DA:232,0
DA:233,0
DA:234,0
DA:237,0
DA:255,0
DA:262,0
DA:263,0
DA:265,0
DA:266,0
DA:267,0
DA:268,0
DA:269,0
DA:270,0
DA:271,0
DA:273,0
DA:274,0
DA:275,0
DA:277,0
DA:282,0
DA:283,0
DA:284,0
DA:288,0
DA:289,0
DA:290,0
DA:291,0
DA:295,0
DA:296,0
DA:298,0
DA:299,0
DA:302,0
DA:303,0
DA:304,0
DA:306,0
DA:307,0
DA:308,0
DA:309,0
DA:312,0
DA:313,0
DA:315,0
DA:317,0
DA:321,0
DA:322,0
DA:324,0
DA:330,0
DA:331,0
DA:332,0
DA:333,0
DA:335,0
DA:339,0
DA:341,0
DA:343,0
DA:344,0
DA:346,0
DA:348,0
DA:350,0
DA:362,0
DA:363,0
DA:365,0
DA:366,0
DA:367,0
DA:369,0
DA:370,0
DA:371,0
DA:378,0
DA:379,0
DA:380,0
DA:385,0
DA:386,0
DA:387,0
DA:391,0
DA:392,0
DA:393,0
DA:394,0
DA:395,0
DA:396,0
DA:397,0
DA:398,0
DA:399,0
DA:400,0
DA:402,0
DA:410,0
DA:411,0
DA:412,0
DA:413,0
DA:420,0
DA:423,0
DA:424,0
DA:425,0
DA:438,0
DA:439,0
DA:440,0
DA:442,0
DA:443,0
DA:444,0
DA:446,0
DA:447,0
DA:449,0
DA:457,0
DA:458,0
DA:461,0
DA:462,0
DA:463,0
DA:464,0
DA:465,0
DA:466,0
DA:467,0
DA:470,0
DA:474,0
DA:478,0
DA:479,0
DA:481,0
DA:482,0
DA:486,0
DA:487,0
DA:490,0
DA:491,0
DA:494,0
DA:496,0
DA:498,0
DA:506,0
DA:508,0
DA:511,0
DA:512,0
DA:513,0
DA:514,0
DA:515,0
DA:516,0
DA:518,0
DA:519,0
DA:520,0
DA:521,0
DA:524,0
DA:525,0
DA:527,0
DA:528,0
DA:529,0
DA:530,0
DA:533,0
DA:536,0
DA:537,0
DA:538,0
DA:539,0
DA:540,0
DA:544,0
DA:545,0
DA:547,0
DA:548,0
DA:550,0
DA:557,0
DA:558,0
DA:559,0
DA:561,0
DA:568,0
DA:569,0
DA:570,0
DA:574,0
DA:577,0
DA:583,0
DA:585,0
DA:586,0
DA:587,0
DA:588,0
DA:589,0
DA:594,0
DA:596,0
DA:597,0
DA:598,0
DA:599,0
DA:600,0
DA:605,0
DA:606,0
DA:609,0
DA:610,0
DA:612,0
DA:613,0
DA:614,0
DA:615,0
DA:616,0
DA:617,0
DA:618,0
DA:619,0
DA:620,0
DA:621,0
DA:622,0
DA:625,0
DA:626,0
DA:628,0
DA:629,0
DA:634,0
DA:635,0
DA:636,0
DA:642,0
DA:643,0
DA:645,0
DA:646,0
DA:648,0
DA:649,0
DA:652,0
DA:653,0
DA:654,0
DA:657,0
DA:660,0
DA:661,0
DA:662,0
DA:671,0
DA:672,0
DA:674,0
DA:675,0
LF:299
LH:1
end_of_record
SF:lib\features\settings\presentation\screens\backup_migration_screen.dart
DA:13,1
DA:15,0
DA:16,0
DA:26,0
DA:28,0
DA:29,0
DA:30,0
DA:33,0
DA:34,0
DA:35,0
DA:36,0
DA:37,0
DA:38,0
DA:39,0
DA:41,0
DA:42,0
DA:48,0
DA:50,0
DA:51,0
DA:52,0
DA:53,0
DA:58,0
DA:59,0
DA:64,0
DA:66,0
DA:67,0
DA:68,0
DA:69,0
DA:71,0
DA:72,0
DA:73,0
DA:74,0
DA:76,0
DA:77,0
DA:78,0
DA:79,0
DA:80,0
DA:81,0
DA:85,0
DA:86,0
DA:88,0
DA:91,0
DA:92,0
DA:93,0
DA:94,0
DA:100,0
DA:101,0
DA:102,0
DA:103,0
DA:106,0
DA:108,0
DA:109,0
DA:111,0
DA:112,0
DA:115,0
DA:116,0
DA:117,0
DA:119,0
DA:120,0
DA:122,0
DA:123,0
DA:124,0
DA:125,0
DA:126,0
DA:128,0
DA:129,0
DA:130,0
DA:132,0
DA:133,0
DA:134,0
DA:138,0
DA:139,0
DA:140,0
DA:142,0
DA:143,0
DA:145,0
DA:152,0
DA:153,0
DA:154,0
DA:155,0
DA:156,0
DA:162,0
DA:178,0
DA:180,0
DA:182,0
DA:183,0
DA:184,0
DA:185,0
DA:186,0
DA:188,0
DA:190,0
DA:191,0
DA:192,0
DA:193,0
DA:194,0
DA:195,0
DA:197,0
DA:205,0
DA:206,0
DA:208,0
DA:209,0
DA:210,0
DA:213,0
DA:214,0
DA:216,0
DA:217,0
DA:218,0
DA:224,0
DA:226,0
DA:228,0
DA:234,0
DA:236,0
DA:239,0
DA:240,0
DA:241,0
DA:246,0
DA:248,0
DA:250,0
DA:251,0
DA:253,0
DA:254,0
DA:255,0
DA:259,0
DA:260,0
DA:262,0
DA:263,0
DA:266,0
DA:267,0
DA:271,0
DA:272,0
DA:274,0
DA:275,0
DA:286,0
DA:287,0
DA:288,0
DA:289,0
DA:292,0
DA:295,0
DA:296,0
DA:302,0
DA:304,0
DA:306,0
DA:308,0
DA:315,0
DA:316,0
DA:317,0
DA:320,0
DA:321,0
DA:322,0
DA:329,0
DA:330,0
DA:331,0
DA:332,0
DA:334,0
DA:336,0
DA:339,0
DA:340,0
DA:342,0
DA:349,0
DA:350,0
DA:351,0
DA:352,0
LF:162
LH:1
end_of_record
SF:lib\features\settings\presentation\screens\about_screen.dart
DA:10,1
DA:12,0
DA:13,0
DA:23,0
DA:25,0
DA:26,0
DA:27,0
DA:30,0
DA:31,0
DA:32,0
DA:33,0
DA:34,0
DA:35,0
DA:40,0
DA:42,0
DA:43,0
DA:47,0
DA:48,0
DA:49,0
DA:51,0
DA:52,0
DA:53,0
DA:55,0
DA:56,0
DA:58,0
DA:59,0
DA:60,0
DA:62,0
DA:63,0
DA:64,0
DA:66,0
DA:67,0
DA:71,0
DA:72,0
DA:73,0
DA:80,0
DA:81,0
DA:82,0
DA:83,0
DA:88,0
DA:89,0
DA:90,0
DA:93,0
DA:94,0
DA:96,0
DA:97,0
DA:98,0
DA:100,0
DA:106,0
DA:109,0
DA:110,0
DA:111,0
DA:117,0
DA:119,0
DA:120,0
DA:122,0
DA:123,0
DA:126,0
DA:127,0
DA:128,0
DA:129,0
DA:130,0
DA:131,0
DA:133,0
DA:134,0
DA:138,0
DA:143,0
DA:144,0
DA:145,0
DA:146,0
DA:148,0
DA:151,0
DA:153,0
DA:154,0
DA:160,0
DA:161,0
DA:166,0
DA:168,0
DA:169,0
DA:174,0
DA:175,0
DA:178,0
DA:179,0
DA:188,0
DA:189,0
DA:191,0
DA:192,0
DA:193,0
DA:195,0
DA:196,0
DA:198,0
DA:206,0
DA:207,0
DA:208,0
DA:218,0
DA:219,0
DA:223,0
DA:224,0
DA:231,0
DA:236,0
DA:240,0
DA:241,0
DA:242,0
DA:243,0
DA:244,0
DA:245,0
DA:246,0
DA:248,0
DA:249,0
DA:250,0
DA:251,0
DA:253,0
DA:255,0
DA:257,0
DA:258,0
DA:266,0
DA:268,0
DA:270,0
DA:271,0
DA:272,0
DA:274,0
DA:276,0
DA:277,0
DA:284,0
DA:285,0
DA:287,0
DA:289,0
DA:294,0
DA:295,0
DA:297,0
DA:299,0
DA:307,0
DA:308,0
DA:310,0
DA:325,0
DA:332,0
DA:333,0
DA:334,0
DA:335,0
DA:336,0
DA:337,0
DA:339,0
DA:340,0
DA:342,0
DA:344,0
DA:347,0
DA:349,0
DA:362,0
DA:367,0
DA:369,0
DA:370,0
DA:379,0
DA:380,0
DA:381,0
DA:382,0
LF:155
LH:1
end_of_record
SF:lib\features\settings\presentation\screens\update_screen.dart
DA:10,1
DA:12,0
DA:13,0
DA:28,0
DA:30,0
DA:31,0
DA:34,0
DA:35,0
DA:36,0
DA:37,0
DA:39,0
DA:42,0
DA:44,0
DA:45,0
DA:46,0
DA:49,0
DA:50,0
DA:51,0
DA:52,0
DA:55,0
DA:56,0
DA:57,0
DA:59,0
DA:61,0
DA:62,0
DA:66,0
DA:67,0
DA:68,0
DA:69,0
DA:74,0
DA:75,0
DA:77,0
DA:78,0
DA:79,0
DA:81,0
DA:82,0
DA:83,0
DA:84,0
DA:85,0
DA:86,0
DA:87,0
DA:88,0
DA:94,0
DA:96,0
DA:97,0
DA:99,0
DA:100,0
DA:101,0
DA:102,0
DA:104,0
DA:105,0
DA:106,0
DA:107,0
DA:109,0
DA:110,0
DA:111,0
DA:112,0
DA:121,0
DA:122,0
DA:124,0
DA:125,0
DA:126,0
DA:128,0
DA:129,0
DA:130,0
DA:131,0
DA:132,0
DA:134,0
DA:135,0
DA:136,0
DA:138,0
DA:141,0
DA:142,0
DA:143,0
DA:145,0
DA:146,0
DA:148,0
DA:150,0
DA:154,0
DA:155,0
DA:156,0
DA:171,0
DA:172,0
DA:173,0
DA:174,0
DA:175,0
DA:176,0
DA:177,0
DA:178,0
DA:179,0
DA:180,0
DA:181,0
DA:182,0
DA:183,0
DA:187,0
DA:188,0
DA:189,0
DA:191,0
DA:192,0
DA:194,0
DA:200,0
DA:201,0
DA:202,0
DA:203,0
DA:204,0
DA:205,0
DA:207,0
DA:213,0
DA:214,0
DA:217,0
DA:219,0
DA:220,0
DA:221,0
DA:229,0
DA:230,0
DA:231,0
DA:233,0
DA:234,0
DA:236,0
DA:237,0
DA:238,0
DA:239,0
DA:241,0
DA:242,0
DA:243,0
DA:245,0
DA:246,0
DA:247,0
DA:248,0
DA:250,0
DA:251,0
DA:252,0
DA:253,0
DA:254,0
DA:263,0
DA:264,0
DA:265,0
DA:266,0
DA:267,0
DA:269,0
DA:273,0
DA:274,0
DA:275,0
DA:277,0
DA:283,0
DA:284,0
DA:285,0
DA:286,0
DA:297,0
DA:298,0
DA:299,0
DA:301,0
DA:302,0
DA:306,0
DA:307,0
DA:308,0
DA:309,0
DA:311,0
DA:318,0
DA:319,0
DA:320,0
DA:321,0
DA:322,0
DA:323,0
DA:327,0
DA:328,0
DA:330,0
DA:331,0
DA:332,0
DA:334,0
DA:336,0
DA:337,0
DA:340,0
DA:346,0
DA:347,0
DA:348,0
DA:349,0
DA:352,0
DA:356,0
DA:357,0
DA:358,0
DA:359,0
DA:360,0
DA:362,0
DA:364,0
DA:365,0
DA:366,0
DA:369,0
DA:376,0
DA:377,0
DA:378,0
DA:379,0
DA:380,0
DA:381,0
DA:383,0
DA:389,0
DA:390,0
DA:391,0
DA:393,0
DA:395,0
DA:396,0
DA:397,0
DA:405,0
DA:406,0
DA:408,0
DA:410,0
DA:411,0
DA:412,0
DA:414,0
LF:209
LH:1
end_of_record
SF:lib\features\settings\presentation\screens\appearance_screen.dart
DA:7,1
DA:9,0
DA:11,0
DA:12,0
DA:14,0
DA:15,0
DA:18,0
DA:20,0
DA:26,0
DA:44,0
DA:45,0
DA:46,0
DA:52,0
DA:54,0
DA:59,0
DA:60,0
DA:61,0
DA:65,0
DA:67,0
DA:70,0
DA:72,0
DA:73,0
DA:75,0
DA:77,0
DA:80,0
DA:83,0
DA:85,0
DA:86,0
DA:88,0
DA:90,0
DA:94,0
DA:95,0
DA:99,0
DA:100,0
DA:103,0
DA:104,0
DA:105,0
DA:106,0
DA:107,0
DA:110,0
DA:113,0
DA:114,0
DA:117,0
DA:118,0
DA:119,0
DA:130,0
LF:46
LH:1
end_of_record
SF:lib\features\settings\presentation\screens\financials_screen.dart
DA:9,0
DA:10,0
DA:11,0
DA:15,1
DA:17,0
DA:19,0
DA:21,0
DA:22,0
DA:25,0
DA:26,0
DA:27,0
DA:28,0
DA:29,0
DA:35,0
DA:37,0
DA:38,0
DA:39,0
DA:41,0
DA:42,0
DA:46,0
DA:48,0
DA:49,0
DA:51,0
DA:52,0
DA:54,0
DA:55,0
DA:58,0
DA:59,0
DA:60,0
DA:63,0
DA:67,0
DA:69,0
DA:70,0
DA:71,0
DA:72,0
DA:80,0
DA:81,0
DA:82,0
DA:83,0
DA:84,0
DA:85,0
DA:86,0
DA:87,0
DA:92,0
DA:93,0
DA:100,0
DA:101,0
DA:102,0
DA:103,0
DA:104,0
DA:105,0
DA:106,0
DA:112,0
DA:113,0
DA:114,0
DA:116,0
DA:119,0
DA:120,0
DA:122,0
DA:123,0
DA:126,0
DA:128,0
DA:129,0
DA:132,0
DA:133,0
DA:135,0
DA:136,0
DA:138,0
DA:141,0
DA:142,0
DA:144,0
DA:148,0
DA:149,0
DA:152,0
DA:153,0
DA:154,0
DA:156,0
DA:165,0
DA:166,0
DA:167,0
DA:169,0
DA:170,0
DA:173,0
DA:175,0
DA:176,0
DA:189,0
DA:190,0
DA:196,0
DA:197,0
DA:199,0
DA:200,0
DA:201,0
DA:202,0
DA:209,0
DA:210,0
DA:212,0
DA:213,0
DA:215,0
DA:219,0
DA:222,0
DA:225,0
DA:226,0
DA:228,0
DA:229,0
DA:232,0
DA:234,0
DA:235,0
DA:236,0
DA:238,0
DA:239,0
DA:246,0
DA:248,0
DA:249,0
DA:265,0
DA:266,0
DA:267,0
DA:269,0
DA:270,0
DA:271,0
DA:272,0
DA:277,0
DA:278,0
DA:279,0
DA:281,0
DA:282,0
DA:283,0
DA:284,0
DA:290,0
DA:292,0
DA:293,0
LF:130
LH:1
end_of_record
SF:lib\features\settings\presentation\screens\add_transaction_screen.dart
DA:11,1
DA:13,0
DA:14,0
DA:29,0
DA:31,0
DA:32,0
DA:33,0
DA:36,0
DA:38,0
DA:39,0
DA:40,0
DA:43,0
DA:44,0
DA:45,0
DA:47,0
DA:48,0
DA:50,0
DA:52,0
DA:53,0
DA:58,0
DA:59,0
DA:60,0
DA:65,0
DA:66,0
DA:73,0
DA:74,0
DA:75,0
DA:76,0
DA:82,0
DA:83,0
DA:88,0
DA:89,0
DA:90,0
DA:95,0
DA:97,0
DA:99,0
DA:100,0
DA:101,0
DA:103,0
DA:104,0
DA:106,0
DA:107,0
DA:108,0
DA:110,0
DA:115,0
DA:116,0
DA:125,0
DA:126,0
DA:127,0
DA:137,0
DA:138,0
DA:140,0
DA:141,0
DA:142,0
DA:143,0
DA:144,0
DA:145,0
DA:146,0
DA:149,0
DA:150,0
LF:60
LH:1
end_of_record
SF:lib\features\pedigree\presentation\screens\add_health_record_screen.dart
DA:15,0
DA:17,0
DA:18,0
DA:29,0
DA:31,0
DA:32,0
DA:35,0
DA:37,0
DA:39,0
DA:40,0
DA:43,0
DA:44,0
DA:46,0
DA:47,0
DA:48,0
DA:50,0
DA:51,0
DA:52,0
DA:63,0
DA:64,0
DA:67,0
DA:69,0
DA:76,0
DA:77,0
DA:79,0
DA:80,0
DA:81,0
DA:83,0
DA:85,0
DA:86,0
DA:89,0
DA:91,0
DA:93,0
DA:96,0
DA:97,0
DA:99,0
DA:103,0
DA:104,0
DA:106,0
DA:107,0
DA:108,0
DA:110,0
DA:112,0
DA:113,0
DA:116,0
DA:118,0
DA:119,0
DA:126,0
DA:128,0
DA:130,0
DA:131,0
DA:132,0
DA:145,0
DA:146,0
DA:149,0
DA:150,0
DA:151,0
DA:152,0
DA:153,0
DA:154,0
DA:155,0
DA:158,0
DA:160,0
DA:162,0
DA:163,0
DA:164,0
DA:165,0
DA:169,0
DA:170,0
DA:171,0
DA:178,0
DA:179,0
DA:182,0
DA:184,0
DA:185,0
DA:186,0
DA:187,0
DA:188,0
DA:190,0
DA:195,0
DA:196,0
DA:197,0
LF:82
LH:0
end_of_record
SF:lib\features\pedigree\presentation\screens\matchmaker_screen.dart
DA:18,0
DA:19,0
DA:20,0
DA:24,1
DA:26,0
DA:27,0
DA:35,0
DA:37,0
DA:38,0
DA:40,0
DA:42,0
DA:43,0
DA:44,0
DA:58,0
DA:60,0
DA:61,0
DA:62,0
DA:63,0
DA:65,0
DA:66,0
DA:67,0
DA:68,0
DA:70,0
DA:71,0
DA:73,0
DA:74,0
DA:80,0
DA:81,0
DA:82,0
DA:84,0
DA:85,0
DA:86,0
DA:87,0
DA:88,0
DA:90,0
DA:91,0
DA:92,0
DA:103,0
DA:105,0
DA:106,0
DA:107,0
DA:108,0
DA:109,0
DA:110,0
DA:111,0
DA:112,0
DA:119,0
DA:120,0
DA:121,0
DA:122,0
DA:123,0
DA:124,0
DA:125,0
DA:127,0
DA:128,0
DA:129,0
DA:139,0
DA:140,0
DA:141,0
DA:142,0
DA:144,0
DA:147,0
DA:148,0
DA:156,0
DA:157,0
DA:163,0
DA:164,0
DA:165,0
DA:166,0
DA:167,0
DA:168,0
DA:170,0
DA:171,0
DA:172,0
DA:173,0
DA:175,0
DA:176,0
DA:177,0
DA:178,0
DA:185,0
DA:202,0
DA:203,0
DA:204,0
DA:210,0
DA:211,0
DA:213,0
DA:215,0
DA:216,0
DA:217,0
DA:218,0
DA:219,0
DA:225,0
DA:226,0
DA:227,0
DA:233,0
DA:234,0
DA:236,0
DA:238,0
DA:239,0
DA:240,0
DA:241,0
DA:242,0
DA:248,0
DA:249,0
DA:251,0
DA:252,0
DA:253,0
DA:254,0
DA:256,0
DA:257,0
DA:258,0
DA:260,0
DA:261,0
DA:263,0
DA:264,0
DA:265,0
DA:272,0
DA:277,0
DA:278,0
DA:281,0
DA:284,0
DA:287,0
DA:289,0
DA:290,0
DA:291,0
DA:294,0
DA:295,0
DA:300,0
DA:301,0
DA:302,0
DA:303,0
DA:304,0
DA:306,0
DA:307,0
DA:309,0
DA:310,0
DA:311,0
DA:312,0
DA:317,0
DA:318,0
DA:319,0
DA:320,0
LF:142
LH:1
end_of_record
SF:lib\features\pedigree\presentation\screens\add_show_record_screen.dart
DA:14,0
DA:16,0
DA:17,0
DA:30,0
DA:32,0
DA:33,0
DA:34,0
DA:35,0
DA:36,0
DA:37,0
DA:40,0
DA:42,0
DA:44,0
DA:45,0
DA:48,0
DA:49,0
DA:51,0
DA:52,0
DA:53,0
DA:55,0
DA:56,0
DA:57,0
DA:63,0
DA:65,0
DA:67,0
DA:74,0
DA:75,0
DA:77,0
DA:78,0
DA:79,0
DA:81,0
DA:83,0
DA:84,0
DA:87,0
DA:89,0
DA:90,0
DA:97,0
DA:99,0
DA:100,0
DA:101,0
DA:102,0
DA:103,0
DA:111,0
DA:112,0
DA:113,0
DA:114,0
DA:124,0
DA:126,0
DA:127,0
DA:134,0
DA:136,0
DA:138,0
DA:139,0
DA:140,0
DA:153,0
DA:154,0
DA:157,0
DA:158,0
DA:159,0
DA:160,0
DA:161,0
DA:162,0
DA:163,0
DA:164,0
DA:165,0
DA:168,0
DA:169,0
DA:172,0
DA:174,0
DA:175,0
DA:176,0
DA:177,0
DA:178,0
DA:180,0
DA:185,0
DA:186,0
DA:187,0
LF:77
LH:0
end_of_record
SF:lib\features\pedigree\presentation\screens\analytics_screen.dart
DA:23,0
DA:33,0
DA:34,0
DA:36,0
DA:37,0
DA:39,0
DA:42,0
DA:43,0
DA:46,0
DA:47,0
DA:48,0
DA:49,0
DA:52,0
DA:53,0
DA:54,0
DA:55,0
DA:57,0
DA:61,0
DA:62,0
DA:65,0
DA:73,1
DA:75,0
DA:77,0
DA:78,0
DA:80,0
DA:81,0
DA:82,0
DA:87,0
DA:88,0
DA:90,0
DA:91,0
DA:98,0
DA:99,0
DA:100,0
DA:101,0
DA:102,0
DA:104,0
DA:105,0
DA:108,0
DA:110,0
DA:111,0
DA:113,0
DA:115,0
DA:118,0
DA:120,0
DA:123,0
DA:126,0
DA:127,0
DA:128,0
DA:130,0
DA:131,0
DA:133,0
DA:136,0
DA:137,0
DA:138,0
DA:139,0
DA:140,0
DA:141,0
DA:143,0
DA:145,0
DA:146,0
DA:148,0
DA:149,0
DA:150,0
DA:152,0
DA:154,0
DA:155,0
DA:159,0
DA:160,0
DA:161,0
DA:162,0
DA:163,0
DA:165,0
DA:168,0
DA:169,0
DA:170,0
DA:172,0
DA:175,0
DA:176,0
DA:177,0
DA:178,0
DA:183,0
DA:184,0
DA:185,0
DA:190,0
DA:196,0
DA:198,0
DA:199,0
DA:200,0
DA:202,0
DA:203,0
DA:204,0
DA:206,0
DA:208,0
DA:211,0
DA:215,0
DA:229,0
DA:230,0
DA:231,0
DA:233,0
DA:234,0
DA:238,0
DA:239,0
DA:240,0
DA:241,0
DA:242,0
DA:244,0
DA:246,0
DA:248,0
DA:257,0
DA:258,0
DA:260,0
DA:262,0
DA:263,0
DA:264,0
DA:266,0
DA:268,0
DA:279,0
DA:280,0
DA:282,0
DA:284,0
DA:285,0
DA:286,0
DA:298,0
DA:299,0
DA:300,0
DA:301,0
DA:307,0
DA:308,0
DA:310,0
DA:314,0
DA:316,0
DA:317,0
DA:318,0
DA:319,0
DA:320,0
DA:321,0
DA:322,0
DA:323,0
DA:324,0
DA:325,0
DA:326,0
DA:327,0
DA:328,0
DA:329,0
DA:330,0
DA:333,0
DA:334,0
DA:335,0
DA:337,0
DA:339,0
DA:340,0
DA:341,0
DA:347,0
DA:349,0
DA:351,0
DA:352,0
DA:354,0
DA:355,0
DA:356,0
DA:357,0
DA:358,0
DA:359,0
DA:360,0
DA:361,0
DA:362,0
DA:363,0
DA:364,0
DA:365,0
DA:366,0
DA:369,0
DA:370,0
DA:371,0
DA:372,0
DA:373,0
DA:374,0
DA:375,0
DA:381,0
DA:382,0
DA:386,0
DA:387,0
DA:388,0
LF:182
LH:1
end_of_record
SF:lib\core\services\backup_service.dart
DA:15,0
DA:16,0
DA:17,0
DA:18,0
DA:21,0
DA:22,0
DA:23,0
DA:24,0
DA:28,0
DA:30,0
DA:31,0
DA:32,0
DA:35,0
DA:36,0
DA:40,0
DA:44,0
DA:45,0
DA:46,0
DA:47,0
DA:48,0
DA:49,0
DA:55,0
DA:56,0
DA:58,0
DA:59,0
DA:62,0
DA:63,0
DA:64,0
DA:65,0
DA:66,0
DA:69,0
DA:70,0
DA:71,0
DA:72,0
DA:74,0
DA:76,0
DA:77,0
DA:82,0
DA:84,0
DA:85,0
DA:86,0
DA:87,0
DA:91,0
DA:92,0
DA:96,0
DA:103,0
DA:105,0
DA:107,0
DA:110,0
DA:114,0
DA:117,0
DA:118,0
DA:120,0
DA:121,0
DA:124,0
DA:125,0
DA:126,0
DA:131,0
DA:132,0
DA:133,0
DA:134,0
DA:135,0
DA:136,0
DA:137,0
DA:138,0
DA:139,0
DA:140,0
DA:141,0
DA:142,0
DA:143,0
DA:144,0
DA:145,0
DA:150,0
DA:151,0
DA:155,0
LF:75
LH:0
end_of_record
SF:lib\core\services\certificate_service.dart
DA:21,0
DA:31,0
DA:37,0
DA:38,0
DA:40,0
DA:48,0
DA:51,0
DA:52,0
DA:53,0
DA:54,0
DA:56,0
DA:57,0
DA:60,0
DA:61,0
DA:63,0
DA:64,0
DA:65,0
DA:66,0
DA:68,0
DA:69,0
DA:70,0
DA:71,0
DA:73,0
DA:75,0
DA:78,0
DA:79,0
DA:80,0
DA:82,0
DA:83,0
DA:84,0
DA:86,0
DA:91,0
DA:92,0
DA:93,0
DA:97,0
DA:98,0
DA:100,0
DA:102,0
DA:104,0
DA:106,0
DA:108,0
DA:111,0
DA:113,0
DA:115,0
DA:116,0
DA:118,0
DA:125,0
DA:126,0
DA:127,0
DA:128,0
DA:134,0
DA:135,0
DA:136,0
DA:141,0
DA:142,0
DA:144,0
DA:148,0
DA:150,0
DA:151,0
DA:152,0
DA:153,0
DA:154,0
DA:155,0
DA:156,0
DA:161,0
DA:162,0
DA:165,0
DA:166,0
DA:169,0
DA:171,0
DA:172,0
DA:177,0
DA:179,0
DA:180,0
DA:182,0
DA:188,0
DA:189,0
DA:190,0
DA:193,0
DA:195,0
DA:201,0
DA:202,0
DA:203,0
DA:206,0
DA:208,0
DA:210,0
DA:211,0
DA:213,0
DA:219,0
DA:220,0
DA:221,0
DA:236,0
DA:239,0
DA:240,0
DA:241,0
DA:242,0
DA:243,0
DA:244,0
DA:245,0
DA:246,0
DA:247,0
DA:248,0
DA:249,0
DA:250,0
DA:251,0
DA:252,0
DA:253,0
DA:254,0
DA:259,0
DA:260,0
DA:262,0
DA:264,0
DA:265,0
DA:266,0
DA:267,0
DA:268,0
DA:279,0
DA:287,0
DA:289,0
DA:291,0
DA:292,0
DA:294,0
DA:295,0
DA:296,0
DA:300,0
DA:303,0
DA:304,0
DA:306,0
DA:307,0
DA:308,0
DA:309,0
DA:310,0
DA:314,0
DA:317,0
DA:318,0
DA:320,0
DA:321,0
DA:322,0
DA:323,0
DA:324,0
DA:325,0
DA:326,0
DA:327,0
DA:328,0
DA:336,0
DA:337,0
DA:339,0
DA:340,0
DA:348,0
DA:354,0
DA:357,0
DA:358,0
DA:361,0
DA:362,0
DA:363,0
DA:364,0
DA:370,0
DA:372,0
DA:375,0
DA:376,0
DA:379,0
DA:380,0
DA:382,0
DA:385,0
DA:386,0
DA:387,0
DA:392,0
DA:393,0
DA:395,0
DA:398,0
DA:399,0
DA:401,0
DA:407,0
DA:408,0
DA:409,0
DA:411,0
DA:416,0
DA:417,0
DA:418,0
DA:420,0
DA:431,0
DA:433,0
DA:434,0
DA:435,0
DA:437,0
DA:438,0
DA:439,0
DA:440,0
DA:441,0
DA:442,0
DA:443,0
DA:446,0
DA:447,0
DA:448,0
DA:449,0
DA:450,0
DA:451,0
DA:452,0
DA:455,0
DA:456,0
DA:457,0
DA:461,0
DA:462,0
DA:467,0
DA:468,0
DA:469,0
DA:474,0
DA:475,0
DA:476,0
DA:477,0
DA:479,0
DA:480,0
DA:481,0
LF:213
LH:0
end_of_record
SF:lib\features\settings\domain\entities\kennel_profile.dart
DA:13,0
DA:26,0
LF:2
LH:0
end_of_record
SF:lib\core\services\litter_report_service.dart
DA:23,0
DA:34,0
DA:35,0
DA:38,0
DA:39,0
DA:41,0
DA:42,0
DA:43,0
DA:44,0
DA:46,0
DA:47,0
DA:50,0
DA:51,0
DA:53,0
DA:54,0
DA:56,0
DA:57,0
DA:58,0
DA:59,0
DA:65,0
DA:67,0
DA:75,0
DA:76,0
DA:77,0
DA:78,0
DA:79,0
DA:83,0
DA:84,0
DA:87,0
DA:88,0
DA:93,0
DA:94,0
DA:96,0
DA:97,0
DA:98,0
DA:100,0
DA:104,0
DA:106,0
DA:107,0
DA:109,0
DA:110,0
DA:111,0
DA:114,0
DA:116,0
DA:117,0
DA:118,0
DA:124,0
DA:127,0
DA:128,0
DA:129,0
DA:130,0
DA:132,0
DA:133,0
DA:134,0
DA:135,0
DA:137,0
DA:138,0
DA:139,0
DA:140,0
DA:141,0
DA:142,0
DA:144,0
DA:147,0
DA:150,0
DA:151,0
DA:152,0
DA:153,0
DA:155,0
DA:156,0
DA:157,0
DA:158,0
DA:160,0
DA:161,0
DA:162,0
DA:163,0
DA:164,0
DA:165,0
DA:166,0
DA:168,0
DA:175,0
DA:178,0
DA:179,0
DA:180,0
DA:185,0
DA:186,0
DA:187,0
DA:188,0
DA:190,0
DA:191,0
LF:89
LH:0
end_of_record
SF:lib\core\services\notification_service.dart
DA:7,0
DA:8,0
DA:9,0
DA:13,0
DA:14,0
DA:22,0
DA:24,0
DA:25,0
DA:30,0
DA:36,0
DA:39,0
DA:42,0
DA:59,0
DA:63,0
DA:65,0
DA:67,0
LF:16
LH:0
end_of_record
SF:lib\core\services\update_service.dart
DA:13,0
DA:35,1
DA:47,0
DA:51,2
DA:64,0
DA:66,0
DA:67,0
DA:68,0
DA:69,0
DA:78,0
DA:83,0
DA:84,0
DA:85,0
DA:91,0
DA:92,0
DA:93,0
DA:94,0
DA:101,0
DA:102,0
DA:103,0
DA:112,1
DA:113,2
DA:114,1
DA:118,2
DA:119,1
DA:120,2
DA:124,0
DA:125,0
DA:126,0
DA:128,0
DA:130,0
DA:132,0
DA:133,0
DA:134,0
DA:136,0
DA:138,0
DA:139,0
DA:141,0
DA:143,0
DA:144,0
DA:146,0
DA:150,0
DA:154,0
DA:157,0
DA:158,0
DA:159,0
DA:160,0
DA:161,0
DA:167,0
DA:170,0
DA:171,0
DA:172,0
DA:173,0
DA:176,0
DA:177,0
DA:179,0
DA:180,0
DA:182,0
DA:187,0
DA:189,0
DA:191,0
DA:197,0
DA:198,0
DA:199,0
DA:200,0
DA:207,0
DA:208,0
DA:211,0
DA:217,0
DA:218,0
DA:222,0
DA:223,0
DA:229,0
DA:233,0
DA:237,0
DA:238,0
DA:239,0
DA:241,0
DA:247,0
DA:248,0
DA:249,0
DA:253,0
DA:254,0
DA:255,0
DA:258,3
DA:260,0
DA:261,0
DA:262,0
DA:264,0
DA:265,0
DA:270,0
DA:271,0
DA:272,0
DA:273,0
DA:274,0
DA:275,0
DA:276,0
DA:277,0
DA:282,0
DA:283,0
DA:284,0
DA:285,0
LF:102
LH:9
end_of_record
SF:lib\core\utils\breed_presets.dart
DA:109,0
DA:110,0
DA:111,0
DA:112,0
LF:4
LH:0
end_of_record
SF:lib\core\utils\responsive.dart
DA:13,0
DA:14,0
DA:16,1
DA:17,3
DA:18,2
DA:21,0
DA:22,0
DA:24,1
DA:25,3
DA:27,0
DA:28,0
DA:30,0
DA:31,0
DA:32,0
DA:33,0
DA:34,0
DA:35,0
DA:38,1
DA:39,1
DA:40,1
DA:41,1
DA:45,0
DA:46,0
DA:47,0
DA:48,0
DA:49,0
LF:26
LH:9
end_of_record
SF:lib\core\widgets\delete_confirm_dialog.dart
DA:3,0
DA:9,0
DA:11,0
DA:12,0
DA:13,0
DA:14,0
DA:15,0
DA:16,0
DA:19,0
DA:20,0
DA:21,0
DA:22,0
LF:12
LH:0
end_of_record
SF:lib\features\pedigree\presentation\providers\shared_providers.dart
DA:7,0
DA:8,0
DA:9,0
DA:12,0
DA:13,0
DA:14,0
DA:17,0
DA:18,0
DA:19,0
DA:20,0
DA:27,1
DA:32,0
DA:36,0
DA:37,0
DA:38,0
DA:43,4
LF:16
LH:2
end_of_record
SF:lib\features\settings\presentation\providers\settings_providers.dart
DA:9,0
DA:10,0
DA:11,0
DA:15,0
DA:16,0
DA:17,0
DA:20,0
DA:21,0
DA:22,0
LF:9
LH:0
end_of_record
SF:lib\features\pedigree\presentation\widgets\dog_list_item.dart
DA:12,0
DA:18,0
DA:20,0
DA:21,0
DA:23,0
DA:24,0
DA:25,0
DA:26,0
DA:28,0
DA:29,0
DA:30,0
DA:32,0
DA:34,0
DA:35,0
DA:36,0
DA:38,0
DA:39,0
DA:40,0
DA:41,0
DA:42,0
DA:43,0
DA:49,0
DA:51,0
DA:52,0
DA:53,0
DA:54,0
DA:60,0
DA:61,0
DA:62,0
DA:65,0
DA:72,0
DA:73,0
DA:74,0
DA:75,0
DA:77,0
DA:79,0
DA:80,0
DA:81,0
DA:82,0
DA:84,0
DA:87,0
DA:88,0
DA:89,0
DA:90,0
DA:91,0
DA:93,0
DA:98,0
DA:99,0
DA:100,0
DA:104,0
DA:112,0
DA:116,0
DA:117,0
DA:119,0
DA:120,0
DA:122,0
DA:123,0
DA:126,0
DA:130,0
DA:132,0
DA:133,0
DA:134,0
DA:135,0
DA:137,0
DA:139,0
DA:140,0
DA:142,0
DA:143,0
DA:144,0
DA:152,0
LF:70
LH:0
end_of_record
SF:lib\features\pedigree\presentation\widgets\upcoming_agenda_widget.dart
DA:16,0
DA:23,4
DA:24,2
DA:26,2
DA:27,0
DA:28,0
DA:30,0
DA:31,0
DA:34,2
DA:35,0
DA:36,0
DA:38,0
DA:39,0
DA:40,0
DA:41,0
DA:45,0
DA:46,0
DA:48,0
DA:49,0
DA:50,0
DA:59,1
DA:60,0
DA:61,0
DA:67,1
DA:69,1
DA:71,2
DA:73,1
DA:74,0
DA:75,0
DA:77,0
DA:80,0
DA:83,0
DA:84,0
DA:85,0
DA:86,0
DA:87,0
DA:92,1
DA:93,0
DA:97,0
DA:98,0
DA:100,0
DA:101,0
DA:104,0
DA:105,0
DA:108,0
DA:109,0
DA:112,0
DA:113,0
DA:116,0
DA:117,0
DA:121,0
DA:124,0
DA:125,0
DA:126,0
DA:129,0
DA:130,0
DA:131,0
DA:137,0
DA:139,0
DA:140,0
DA:141,0
DA:142,0
DA:144,0
DA:146,0
DA:155,0
DA:156,0
DA:157,0
DA:162,0
DA:163,0
DA:166,0
DA:167,0
DA:168,0
LF:72
LH:10
end_of_record
SF:lib\features\pedigree\presentation\screens\dog_detail\certificate_actions.dart
DA:21,0
DA:29,0
DA:30,0
DA:34,0
DA:35,0
DA:36,0
DA:39,0
DA:40,0
DA:41,0
DA:42,0
DA:43,0
DA:46,0
DA:47,0
DA:49,0
DA:50,0
DA:51,0
DA:52,0
DA:61,0
DA:62,0
DA:63,0
DA:64,0
DA:66,0
DA:74,0
DA:75,0
DA:76,0
DA:77,0
DA:82,0
DA:84,0
DA:87,0
DA:88,0
DA:89,0
DA:90,0
DA:91,0
DA:92,0
DA:99,0
DA:100,0
DA:101,0
DA:105,0
DA:106,0
DA:107,0
DA:108,0
DA:109,0
DA:116,0
DA:117,0
DA:118,0
DA:122,0
DA:123,0
DA:124,0
DA:125,0
DA:126,0
DA:133,0
DA:134,0
DA:135,0
DA:143,0
DA:144,0
DA:146,0
DA:147,0
DA:148,0
DA:149,0
DA:151,0
DA:153,0
DA:155,0
DA:159,0
DA:160,0
DA:162,0
DA:163,0
DA:164,0
DA:165,0
DA:167,0
DA:169,0
DA:171,0
DA:175,0
DA:176,0
DA:178,0
DA:180,0
DA:181,0
DA:182,0
DA:183,0
DA:184,0
DA:186,0
DA:187,0
DA:188,0
DA:193,0
DA:195,0
LF:84
LH:0
end_of_record
SF:lib\features\pedigree\presentation\screens\dog_detail\health_tab.dart
DA:13,0
DA:15,0
DA:17,0
DA:19,0
DA:20,0
DA:21,0
DA:23,0
DA:25,0
DA:27,0
DA:28,0
DA:35,0
DA:36,0
DA:37,0
DA:38,0
DA:39,0
DA:41,0
DA:42,0
DA:44,0
DA:45,0
DA:51,0
DA:52,0
DA:57,0
DA:59,0
DA:60,0
DA:61,0
DA:62,0
DA:63,0
DA:64,0
DA:67,0
DA:69,0
DA:70,0
DA:71,0
DA:72,0
DA:73,0
DA:75,0
DA:77,0
DA:83,0
DA:84,0
DA:86,0
DA:87,0
DA:88,0
DA:89,0
DA:90,0
DA:91,0
DA:94,0
DA:96,0
DA:109,0
DA:110,0
DA:116,0
DA:118,0
DA:119,0
DA:121,0
DA:122,0
DA:123,0
LF:54
LH:0
end_of_record
SF:lib\features\pedigree\presentation\screens\dog_detail\offspring_tab.dart
DA:13,0
DA:15,0
DA:17,0
DA:18,0
DA:20,0
DA:24,0
DA:28,0
DA:29,0
DA:31,0
DA:32,0
DA:33,0
DA:35,0
DA:38,0
DA:39,0
DA:45,0
DA:47,0
DA:48,0
DA:49,0
DA:54,0
DA:55,0
DA:56,0
DA:58,0
DA:59,0
DA:60,0
DA:62,0
DA:63,0
DA:64,0
DA:68,0
DA:69,0
DA:70,0
DA:71,0
DA:72,0
DA:73,0
DA:74,0
DA:79,0
DA:81,0
DA:82,0
DA:83,0
DA:85,0
DA:87,0
DA:89,0
DA:90,0
DA:91,0
DA:103,0
DA:104,0
DA:105,0
DA:106,0
DA:112,0
DA:114,0
DA:116,0
DA:117,0
DA:118,0
DA:122,0
DA:123,0
DA:128,0
DA:130,0
DA:138,0
DA:140,0
DA:141,0
DA:142,0
DA:143,0
DA:144,0
DA:145,0
DA:150,0
DA:151,0
DA:152,0
LF:66
LH:0
end_of_record
SF:lib\features\pedigree\presentation\screens\dog_detail\photo_gallery.dart
DA:13,0
DA:15,0
DA:17,0
DA:18,0
DA:20,0
DA:22,0
DA:23,0
DA:25,0
DA:27,0
DA:30,0
DA:31,0
DA:32,0
DA:34,0
DA:35,0
DA:44,0
DA:45,0
DA:46,0
DA:47,0
DA:49,0
DA:50,0
DA:55,0
DA:56,0
DA:63,0
DA:65,0
DA:68,0
DA:69,0
DA:70,0
DA:71,0
DA:72,0
DA:73,0
DA:76,0
DA:77,0
DA:78,0
DA:79,0
DA:82,0
DA:83,0
DA:89,0
DA:92,0
DA:93,0
DA:94,0
DA:115,0
DA:117,0
DA:123,0
DA:125,0
DA:126,0
DA:127,0
DA:129,0
DA:130,0
DA:131,0
LF:49
LH:0
end_of_record
SF:lib\features\pedigree\presentation\screens\dog_detail\shows_tab.dart
DA:13,0
DA:15,0
DA:17,0
DA:19,0
DA:20,0
DA:21,0
DA:23,0
DA:25,0
DA:28,0
DA:29,0
DA:36,0
DA:37,0
DA:38,0
DA:39,0
DA:40,0
DA:42,0
DA:43,0
DA:45,0
DA:46,0
DA:52,0
DA:53,0
DA:58,0
DA:60,0
DA:61,0
DA:62,0
DA:63,0
DA:65,0
DA:67,0
DA:68,0
DA:69,0
DA:72,0
DA:74,0
DA:76,0
DA:78,0
DA:79,0
DA:80,0
DA:81,0
DA:82,0
DA:86,0
DA:87,0
DA:91,0
DA:93,0
DA:98,0
DA:100,0
DA:113,0
DA:114,0
DA:120,0
DA:122,0
DA:123,0
DA:125,0
DA:126,0
DA:127,0
LF:52
LH:0
end_of_record
SF:lib\features\pedigree\presentation\widgets\pedigree_canvas.dart
DA:13,0
DA:21,0
DA:23,0
DA:24,0
DA:30,0
DA:33,0
DA:34,0
DA:37,0
DA:38,0
DA:39,0
DA:40,0
DA:41,0
DA:44,0
DA:45,0
DA:48,0
DA:50,0
DA:56,0
DA:57,0
DA:58,0
DA:60,0
DA:61,0
DA:62,0
DA:65,0
DA:67,0
DA:69,0
DA:70,0
DA:72,0
DA:73,0
DA:74,0
DA:75,0
DA:76,0
DA:77,0
DA:81,0
DA:83,0
DA:88,0
DA:90,0
DA:93,0
DA:95,0
DA:96,0
DA:97,0
DA:101,0
DA:103,0
DA:106,0
DA:107,0
DA:108,0
DA:109,0
DA:111,0
DA:113,0
DA:116,0
DA:118,0
DA:119,0
DA:120,0
DA:121,0
DA:122,0
DA:126,0
DA:128,0
DA:129,0
DA:130,0
DA:131,0
DA:132,0
DA:133,0
DA:134,0
DA:135,0
DA:136,0
DA:137,0
DA:138,0
DA:139,0
DA:140,0
DA:142,0
DA:144,0
DA:147,0
DA:149,0
DA:150,0
DA:151,0
DA:152,0
DA:153,0
DA:154,0
DA:155,0
DA:156,0
DA:157,0
DA:169,0
DA:171,0
DA:173,0
DA:176,0
DA:177,0
DA:178,0
DA:179,0
DA:180,0
DA:182,0
DA:183,0
DA:184,0
DA:191,0
DA:193,0
DA:195,0
DA:196,0
DA:197,0
DA:198,0
DA:199,0
DA:200,0
DA:203,0
DA:206,0
DA:207,0
DA:208,0
DA:214,0
DA:218,0
DA:219,0
DA:221,0
DA:222,0
DA:224,0
DA:261,0
DA:278,0
DA:280,0
DA:281,0
DA:282,0
DA:283,0
DA:284,0
DA:286,0
DA:287,0
DA:288,0
DA:289,0
DA:290,0
DA:291,0
DA:292,0
DA:296,0
DA:297,0
DA:298,0
DA:299,0
DA:300,0
DA:305,0
DA:306,0
DA:307,0
DA:308,0
DA:309,0
DA:311,0
DA:312,0
DA:313,0
DA:316,0
DA:317,0
DA:318,0
DA:319,0
DA:320,0
DA:321,0
DA:322,0
DA:323,0
DA:325,0
DA:326,0
DA:327,0
DA:328,0
DA:329,0
DA:332,0
DA:333,0
DA:334,0
DA:335,0
DA:336,0
DA:337,0
DA:338,0
DA:339,0
DA:340,0
DA:341,0
DA:342,0
DA:343,0
DA:344,0
DA:345,0
DA:347,0
DA:348,0
DA:349,0
DA:350,0
DA:351,0
DA:352,0
DA:353,0
DA:354,0
DA:355,0
DA:358,0
DA:360,0
DA:361,0
DA:362,0
DA:363,0
DA:364,0
DA:365,0
DA:366,0
DA:367,0
DA:368,0
DA:369,0
DA:370,0
DA:371,0
DA:372,0
DA:373,0
LF:187
LH:0
end_of_record
SF:lib\features\pedigree\presentation\screens\heat_tracker_tab.dart
DA:7,0
DA:8,0
DA:9,0
DA:13,1
DA:15,0
DA:17,0
DA:19,0
DA:20,0
DA:21,0
DA:22,0
DA:23,0
DA:27,0
DA:29,0
DA:30,0
DA:31,0
DA:32,0
DA:39,0
DA:40,0
DA:42,0
DA:43,0
DA:49,0
DA:50,0
DA:51,0
DA:52,0
DA:54,0
DA:55,0
DA:59,0
DA:61,0
DA:63,0
DA:64,0
DA:65,0
DA:66,0
DA:67,0
DA:68,0
DA:69,0
DA:70,0
DA:72,0
DA:74,0
DA:76,0
DA:77,0
DA:79,0
DA:80,0
DA:81,0
DA:88,0
DA:89,0
DA:93,0
DA:95,0
DA:98,0
DA:112,0
DA:113,0
DA:115,0
DA:117,0
DA:118,0
DA:119,0
DA:120,0
DA:122,0
DA:124,0
DA:125,0
DA:127,0
DA:129,0
DA:130,0
DA:133,0
DA:134,0
DA:137,0
DA:143,0
DA:144,0
DA:145,0
DA:148,0
DA:149,0
DA:151,0
DA:152,0
DA:153,0
DA:155,0
DA:156,0
DA:157,0
LF:75
LH:1
end_of_record
SF:lib\features\pedigree\presentation\widgets\pedigree_card_node.dart
DA:14,0
DA:25,0
DA:27,0
DA:28,0
DA:29,0
DA:35,0
DA:36,0
DA:37,0
DA:39,0
DA:40,0
DA:42,0
DA:43,0
DA:45,0
DA:46,0
DA:51,0
DA:52,0
DA:53,0
DA:54,0
DA:60,0
DA:61,0
DA:62,0
DA:63,0
DA:65,0
DA:67,0
DA:71,0
DA:73,0
DA:74,0
DA:77,0
DA:78,0
DA:89,0
DA:90,0
DA:92,0
DA:96,0
DA:98,0
DA:100,0
DA:101,0
DA:102,0
DA:103,0
DA:104,0
DA:107,0
DA:113,0
DA:114,0
DA:116,0
DA:122,0
DA:123,0
DA:126,0
DA:132,0
DA:133,0
DA:135,0
DA:136,0
DA:139,0
DA:142,0
DA:146,0
DA:148,0
DA:150,0
DA:151,0
DA:152,0
DA:153,0
DA:156,0
DA:158,0
DA:162,0
DA:164,0
DA:165,0
DA:169,0
DA:170,0
DA:171,0
DA:173,0
DA:174,0
DA:175,0
DA:178,0
DA:189,0
DA:190,0
DA:192,0
DA:195,0
DA:196,0
DA:199,0
DA:202,0
DA:203,0
DA:204,0
DA:207,0
LF:80
LH:0
end_of_record
SF:lib\features\settings\data\models\kennel_profile_model.dart
DA:6,0
DA:7,0
DA:8,0
DA:9,0
DA:10,0
DA:11,0
DA:12,0
DA:13,0
DA:14,0
DA:15,0
DA:16,0
DA:17,0
DA:23,0
DA:24,0
DA:25,0
DA:26,0
DA:27,0
DA:28,0
DA:29,0
DA:30,0
DA:31,0
DA:32,0
DA:33,0
DA:34,0
LF:24
LH:0
end_of_record
SF:lib\features\settings\data\repositories\settings_repository_impl.dart
DA:9,0
DA:11,0
DA:13,0
DA:14,0
DA:17,0
DA:19,0
LF:6
LH:0
end_of_record
SF:lib\features\settings\domain\use_cases\get_kennel_profile_use_case.dart
DA:7,0
DA:9,0
DA:10,0
LF:3
LH:0
end_of_record
SF:lib\features\settings\domain\use_cases\update_kennel_profile_use_case.dart
DA:7,0
DA:9,0
DA:10,0
LF:3
LH:0
end_of_record
SF:lib\features\settings\presentation\widgets\update_gate.dart
DA:8,1
DA:12,1
DA:13,1
DA:20,1
DA:22,1
DA:23,4
DA:26,1
DA:28,2
DA:29,1
DA:32,1
DA:33,1
DA:34,1
DA:36,2
DA:37,0
DA:38,0
DA:44,0
DA:45,0
DA:46,0
DA:47,0
DA:48,0
DA:50,0
DA:51,0
DA:54,0
DA:56,0
DA:58,0
DA:59,0
DA:60,0
DA:61,0
DA:62,0
DA:65,0
DA:71,0
DA:72,0
DA:73,0
DA:76,0
DA:77,0
DA:80,0
DA:81,0
DA:89,0
DA:92,0
DA:93,0
DA:95,0
DA:96,0
DA:103,1
DA:104,2
LF:44
LH:15
end_of_record
